{"numFailedTestSuites":0,"numFailedTests":0,"numPassedTestSuites":11,"numPassedTests":1576,"numPendingTestSuites":0,"numPendingTests":0,"numRuntimeErrorTestSuites":0,"numTodoTests":0,"numTotalTestSuites":11,"numTotalTests":1576,"openHandles":[],"snapshot":{"added":0,"didUpdate":false,"failure":false,"filesAdded":0,"filesRemoved":0,"filesRemovedList":[],"filesUnmatched":0,"filesUpdated":0,"matched":0,"total":0,"unchecked":0,"uncheckedKeysByFile":[],"unmatched":0,"updated":0},"startTime":1784087527012,"success":true,"testResults":[{"assertionResults":[{"ancestorTitles":["Attendance Module Functional & Boundary Tests","Feature 1: Mark Attendance (POST /api/attendance/mark)"],"duration":60,"failing":false,"failureDetails":[],"failureMessages":[],"fullName":"Attendance Module Functional & Boundary Tests Feature 1: Mark Attendance (POST /api/attendance/mark) 1.1 Should mark attendance successfully with PRESENT status","invocations":1,"location":null,"numPassingAsserts":4,"retryReasons":[],"startAt":1784087529006,"status":"passed","title":"1.1 Should mark attendance successfully with PRESENT status"},{"ancestorTitles":["Attendance Module Functional & Boundary Tests","Feature 1: Mark Attendance (POST /api/attendance/mark)"],"duration":13,"failing":false,"failureDetails":[],"failureMessages":[],"fullName":"Attendance Module Functional & Boundary Tests Feature 1: Mark Attendance (POST /api/attendance/mark) 1.2 Should mark attendance successfully with ABSENT status","invocations":1,"location":null,"numPassingAsserts":2,"retryReasons":[],"startAt":1784087529067,"status":"passed","title":"1.2 Should mark attendance successfully with ABSENT status"},{"ancestorTitles":["Attendance Module Functional & Boundary Tests","Feature 1: Mark Attendance (POST /api/attendance/mark)"],"duration":17,"failing":false,"failureDetails":[],"failureMessages":[],"fullName":"Attendance Module Functional & Boundary Tests Feature 1: Mark Attendance (POST /api/attendance/mark) 1.3 Should mark attendance successfully with LATE status","invocations":1,"location":null,"numPassingAsserts":2,"retryReasons":[],"startAt":1784087529080,"status":"passed","title":"1.3 Should mark attendance successfully with LATE status"},{"ancestorTitles":["Attendance Module Functional & Boundary Tests","Feature 1: Mark Attendance (POST /api/attendance/mark)"],"duration":12,"failing":false,"failureDetails":[],"failureMessages":[],"fullName":"Attendance Module Functional & Boundary Tests Feature 1: Mark Attendance (POST /api/attendance/mark) 1.4 Should mark attendance successfully with EXCUSED status","invocations":1,"location":null,"numPassingAsserts":2,"retryReasons":[],"startAt":1784087529097,"status":"passed","title":"1.4 Should mark attendance successfully with EXCUSED status"},{"ancestorTitles":["Attendance Module Functional & Boundary Tests","Feature 1: Mark Attendance (POST /api/attendance/mark)"],"duration":10,"failing":false,"failureDetails":[],"failureMessages":[],"fullName":"Attendance Module Functional & Boundary Tests Feature 1: Mark Attendance (POST /api/attendance/mark) 1.5 Should mark attendance successfully with LEAVE status","invocations":1,"location":null,"numPassingAsserts":2,"retryReasons":[],"startAt":1784087529109,"status":"passed","title":"1.5 Should mark attendance successfully with LEAVE status"},{"ancestorTitles":["Attendance Module Functional & Boundary Tests","Feature 1: Mark Attendance (POST /api/attendance/mark)"],"duration":15,"failing":false,"failureDetails":[],"failureMessages":[],"fullName":"Attendance Module Functional & Boundary Tests Feature 1: Mark Attendance (POST /api/attendance/mark) 1.6 Should throw 400 when studentId is missing","invocations":1,"location":null,"numPassingAsserts":2,"retryReasons":[],"startAt":1784087529119,"status":"passed","title":"1.6 Should throw 400 when studentId is missing"},{"ancestorTitles":["Attendance Module Functional & Boundary Tests","Feature 1: Mark Attendance (POST /api/attendance/mark)"],"duration":14,"failing":false,"failureDetails":[],"failureMessages":[],"fullName":"Attendance Module Functional & Boundary Tests Feature 1: Mark Attendance (POST /api/attendance/mark) 1.7 Should throw 400 when courseId is missing","invocations":1,"location":null,"numPassingAsserts":1,"retryReasons":[],"startAt":1784087529135,"status":"passed","title":"1.7 Should throw 400 when courseId is missing"},{"ancestorTitles":["Attendance Module Functional & Boundary Tests","Feature 1: Mark Attendance (POST /api/attendance/mark)"],"duration":9,"failing":false,"failureDetails":[],"failureMessages":[],"fullName":"Attendance Module Functional & Boundary Tests Feature 1: Mark Attendance (POST /api/attendance/mark) 1.8 Should throw 400 when scheduleId is missing","invocations":1,"location":null,"numPassingAsserts":1,"retryReasons":[],"startAt":1784087529149,"status":"passed","title":"1.8 Should throw 400 when scheduleId is missing"},{"ancestorTitles":["Attendance Module Functional & Boundary Tests","Feature 1: Mark Attendance (POST /api/attendance/mark)"],"duration":24,"failing":false,"failureDetails":[],"failureMessages":[],"fullName":"Attendance Module Functional & Boundary Tests Feature 1: Mark Attendance (POST /api/attendance/mark) 1.9 Should throw 400 when batchId is missing","invocations":1,"location":null,"numPassingAsserts":1,"retryReasons":[],"startAt":1784087529158,"status":"passed","title":"1.9 Should throw 400 when batchId is missing"},{"ancestorTitles":["Attendance Module Functional & Boundary Tests","Feature 1: Mark Attendance (POST /api/attendance/mark)"],"duration":13,"failing":false,"failureDetails":[],"failureMessages":[],"fullName":"Attendance Module Functional & Boundary Tests Feature 1: Mark Attendance (POST /api/attendance/mark) 1.10 Should throw 400 when universityId is missing and cannot fallback","invocations":1,"location":null,"numPassingAsserts":1,"retryReasons":[],"startAt":1784087529183,"status":"passed","title":"1.10 Should throw 400 when universityId is missing and cannot fallback"},{"ancestorTitles":["Attendance Module Functional & Boundary Tests","Feature 1: Mark Attendance (POST /api/attendance/mark)"],"duration":9,"failing":false,"failureDetails":[],"failureMessages":[],"fullName":"Attendance Module Functional & Boundary Tests Feature 1: Mark Attendance (POST /api/attendance/mark) 1.11 Should throw 400 when status is missing","invocations":1,"location":null,"numPassingAsserts":1,"retryReasons":[],"startAt":1784087529196,"status":"passed","title":"1.11 Should throw 400 when status is missing"},{"ancestorTitles":["Attendance Module Functional & Boundary Tests","Feature 1: Mark Attendance (POST /api/attendance/mark)"],"duration":10,"failing":false,"failureDetails":[],"failureMessages":[],"fullName":"Attendance Module Functional & Boundary Tests Feature 1: Mark Attendance (POST /api/attendance/mark) 1.12 Should throw 400 when date is missing","invocations":1,"location":null,"numPassingAsserts":1,"retryReasons":[],"startAt":1784087529205,"status":"passed","title":"1.12 Should throw 400 when date is missing"},{"ancestorTitles":["Attendance Module Functional & Boundary Tests","Feature 1: Mark Attendance (POST /api/attendance/mark)"],"duration":18,"failing":false,"failureDetails":[],"failureMessages":[],"fullName":"Attendance Module Functional & Boundary Tests Feature 1: Mark Attendance (POST /api/attendance/mark) 1.13 Should return 403 Forbidden when user is not authorized to mark attendance for another university","invocations":1,"location":null,"numPassingAsserts":2,"retryReasons":[],"startAt":1784087529216,"status":"passed","title":"1.13 Should return 403 Forbidden when user is not authorized to mark attendance for another university"},{"ancestorTitles":["Attendance Module Functional & Boundary Tests","Feature 1: Mark Attendance (POST /api/attendance/mark)"],"duration":15,"failing":false,"failureDetails":[],"failureMessages":[],"fullName":"Attendance Module Functional & Boundary Tests Feature 1: Mark Attendance (POST /api/attendance/mark) 1.14 Should bypass university permission check for SUPER_ADMIN role","invocations":1,"location":null,"numPassingAsserts":1,"retryReasons":[],"startAt":1784087529235,"status":"passed","title":"1.14 Should bypass university permission check for SUPER_ADMIN role"},{"ancestorTitles":["Attendance Module Functional & Boundary Tests","Feature 1: Mark Attendance (POST /api/attendance/mark)"],"duration":7,"failing":false,"failureDetails":[],"failureMessages":[],"fullName":"Attendance Module Functional & Boundary Tests Feature 1: Mark Attendance (POST /api/attendance/mark) 1.15 Should throw 500 when scheduled class does not exist","invocations":1,"location":null,"numPassingAsserts":1,"retryReasons":[],"startAt":1784087529250,"status":"passed","title":"1.15 Should throw 500 when scheduled class does not exist"},{"ancestorTitles":["Attendance Module Functional & Boundary Tests","Feature 1: Mark Attendance (POST /api/attendance/mark)"],"duration":17,"failing":false,"failureDetails":[],"failureMessages":[],"fullName":"Attendance Module Functional & Boundary Tests Feature 1: Mark Attendance (POST /api/attendance/mark) 1.16 Should throw 500 when student is not enrolled in scheduled class batch","invocations":1,"location":null,"numPassingAsserts":1,"retryReasons":[],"startAt":1784087529257,"status":"passed","title":"1.16 Should throw 500 when student is not enrolled in scheduled class batch"},{"ancestorTitles":["Attendance Module Functional & Boundary Tests","Feature 1: Mark Attendance (POST /api/attendance/mark)"],"duration":15,"failing":false,"failureDetails":[],"failureMessages":[],"fullName":"Attendance Module Functional & Boundary Tests Feature 1: Mark Attendance (POST /api/attendance/mark) 1.17 Should throw 500 when attendance record already exists for student/class","invocations":1,"location":null,"numPassingAsserts":1,"retryReasons":[],"startAt":1784087529274,"status":"passed","title":"1.17 Should throw 500 when attendance record already exists for student/class"},{"ancestorTitles":["Attendance Module Functional & Boundary Tests","Feature 1: Mark Attendance (POST /api/attendance/mark)"],"duration":1,"failing":false,"failureDetails":[],"failureMessages":[],"fullName":"Attendance Module Functional & Boundary Tests Feature 1: Mark Attendance (POST /api/attendance/mark) 1.18 Boundary: Should default payload date to current date if missing from service call","invocations":1,"location":null,"numPassingAsserts":1,"retryReasons":[],"startAt":1784087529289,"status":"passed","title":"1.18 Boundary: Should default payload date to current date if missing from service call"},{"ancestorTitles":["Attendance Module Functional & Boundary Tests","Feature 1: Mark Attendance (POST /api/attendance/mark)"],"duration":13,"failing":false,"failureDetails":[],"failureMessages":[],"fullName":"Attendance Module Functional & Boundary Tests Feature 1: Mark Attendance (POST /api/attendance/mark) 1.19 Boundary: Empty string for studentId","invocations":1,"location":null,"numPassingAsserts":1,"retryReasons":[],"startAt":1784087529290,"status":"passed","title":"1.19 Boundary: Empty string for studentId"},{"ancestorTitles":["Attendance Module Functional & Boundary Tests","Feature 1: Mark Attendance (POST /api/attendance/mark)"],"duration":20,"failing":false,"failureDetails":[],"failureMessages":[],"fullName":"Attendance Module Functional & Boundary Tests Feature 1: Mark Attendance (POST /api/attendance/mark) 1.20 Boundary: Whitespace string for scheduleId","invocations":1,"location":null,"numPassingAsserts":1,"retryReasons":[],"startAt":1784087529303,"status":"passed","title":"1.20 Boundary: Whitespace string for scheduleId"},{"ancestorTitles":["Attendance Module Functional & Boundary Tests","Feature 1: Mark Attendance (POST /api/attendance/mark)"],"duration":49,"failing":false,"failureDetails":[],"failureMessages":[],"fullName":"Attendance Module Functional & Boundary Tests Feature 1: Mark Attendance (POST /api/attendance/mark) 1.21 Service boundary error: data argument is missing","invocations":1,"location":null,"numPassingAsserts":1,"retryReasons":[],"startAt":1784087529323,"status":"passed","title":"1.21 Service boundary error: data argument is missing"},{"ancestorTitles":["Attendance Module Functional & Boundary Tests","Feature 1: Mark Attendance (POST /api/attendance/mark)"],"duration":1,"failing":false,"failureDetails":[],"failureMessages":[],"fullName":"Attendance Module Functional & Boundary Tests Feature 1: Mark Attendance (POST /api/attendance/mark) 1.22 Service boundary error: missing studentId","invocations":1,"location":null,"numPassingAsserts":1,"retryReasons":[],"startAt":1784087529372,"status":"passed","title":"1.22 Service boundary error: missing studentId"},{"ancestorTitles":["Attendance Module Functional & Boundary Tests","Feature 1: Mark Attendance (POST /api/attendance/mark)"],"duration":1,"failing":false,"failureDetails":[],"failureMessages":[],"fullName":"Attendance Module Functional & Boundary Tests Feature 1: Mark Attendance (POST /api/attendance/mark) 1.23 Service boundary error: missing scheduleId","invocations":1,"location":null,"numPassingAsserts":1,"retryReasons":[],"startAt":1784087529374,"status":"passed","title":"1.23 Service boundary error: missing scheduleId"},{"ancestorTitles":["Attendance Module Functional & Boundary Tests","Feature 1: Mark Attendance (POST /api/attendance/mark)"],"duration":1,"failing":false,"failureDetails":[],"failureMessages":[],"fullName":"Attendance Module Functional & Boundary Tests Feature 1: Mark Attendance (POST /api/attendance/mark) 1.24 Service boundary error: missing status","invocations":1,"location":null,"numPassingAsserts":1,"retryReasons":[],"startAt":1784087529375,"status":"passed","title":"1.24 Service boundary error: missing status"},{"ancestorTitles":["Attendance Module Functional & Boundary Tests","Feature 1: Mark Attendance (POST /api/attendance/mark)"],"duration":1,"failing":false,"failureDetails":[],"failureMessages":[],"fullName":"Attendance Module Functional & Boundary Tests Feature 1: Mark Attendance (POST /api/attendance/mark) 1.25 Service boundary error: missing universityId","invocations":1,"location":null,"numPassingAsserts":1,"retryReasons":[],"startAt":1784087529376,"status":"passed","title":"1.25 Service boundary error: missing universityId"},{"ancestorTitles":["Attendance Module Functional & Boundary Tests","Feature 1: Mark Attendance (POST /api/attendance/mark)"],"duration":9,"failing":false,"failureDetails":[],"failureMessages":[],"fullName":"Attendance Module Functional & Boundary Tests Feature 1: Mark Attendance (POST /api/attendance/mark) 1.26 Boundary: SQL Injection payload in studentId","invocations":1,"location":null,"numPassingAsserts":2,"retryReasons":[],"startAt":1784087529377,"status":"passed","title":"1.26 Boundary: SQL Injection payload in studentId"},{"ancestorTitles":["Attendance Module Functional & Boundary Tests","Feature 2: Update Attendance (PUT /api/attendance/:attendanceId)"],"duration":21,"failing":false,"failureDetails":[],"failureMessages":[],"fullName":"Attendance Module Functional & Boundary Tests Feature 2: Update Attendance (PUT /api/attendance/:attendanceId) 2.1 Should update attendance successfully with FACULTY role","invocations":1,"location":null,"numPassingAsserts":4,"retryReasons":[],"startAt":1784087529386,"status":"passed","title":"2.1 Should update attendance successfully with FACULTY role"},{"ancestorTitles":["Attendance Module Functional & Boundary Tests","Feature 2: Update Attendance (PUT /api/attendance/:attendanceId)"],"duration":16,"failing":false,"failureDetails":[],"failureMessages":[],"fullName":"Attendance Module Functional & Boundary Tests Feature 2: Update Attendance (PUT /api/attendance/:attendanceId) 2.2 Should update attendance successfully with ADMIN role","invocations":1,"location":null,"numPassingAsserts":1,"retryReasons":[],"startAt":1784087529407,"status":"passed","title":"2.2 Should update attendance successfully with ADMIN role"},{"ancestorTitles":["Attendance Module Functional & Boundary Tests","Feature 2: Update Attendance (PUT /api/attendance/:attendanceId)"],"duration":13,"failing":false,"failureDetails":[],"failureMessages":[],"fullName":"Attendance Module Functional & Boundary Tests Feature 2: Update Attendance (PUT /api/attendance/:attendanceId) 2.3 Should update attendance successfully with UNIVERSITY_ADMIN role","invocations":1,"location":null,"numPassingAsserts":1,"retryReasons":[],"startAt":1784087529423,"status":"passed","title":"2.3 Should update attendance successfully with UNIVERSITY_ADMIN role"},{"ancestorTitles":["Attendance Module Functional & Boundary Tests","Feature 2: Update Attendance (PUT /api/attendance/:attendanceId)"],"duration":12,"failing":false,"failureDetails":[],"failureMessages":[],"fullName":"Attendance Module Functional & Boundary Tests Feature 2: Update Attendance (PUT /api/attendance/:attendanceId) 2.4 Should update attendance successfully with SUPER_ADMIN role","invocations":1,"location":null,"numPassingAsserts":1,"retryReasons":[],"startAt":1784087529436,"status":"passed","title":"2.4 Should update attendance successfully with SUPER_ADMIN role"},{"ancestorTitles":["Attendance Module Functional & Boundary Tests","Feature 2: Update Attendance (PUT /api/attendance/:attendanceId)"],"duration":11,"failing":false,"failureDetails":[],"failureMessages":[],"fullName":"Attendance Module Functional & Boundary Tests Feature 2: Update Attendance (PUT /api/attendance/:attendanceId) 2.5 Should return 400 when status is missing","invocations":1,"location":null,"numPassingAsserts":1,"retryReasons":[],"startAt":1784087529448,"status":"passed","title":"2.5 Should return 400 when status is missing"},{"ancestorTitles":["Attendance Module Functional & Boundary Tests","Feature 2: Update Attendance (PUT /api/attendance/:attendanceId)"],"duration":13,"failing":false,"failureDetails":[],"failureMessages":[],"fullName":"Attendance Module Functional & Boundary Tests Feature 2: Update Attendance (PUT /api/attendance/:attendanceId) 2.6 Should return 400 when reason is missing","invocations":1,"location":null,"numPassingAsserts":1,"retryReasons":[],"startAt":1784087529459,"status":"passed","title":"2.6 Should return 400 when reason is missing"},{"ancestorTitles":["Attendance Module Functional & Boundary Tests","Feature 2: Update Attendance (PUT /api/attendance/:attendanceId)"],"duration":16,"failing":false,"failureDetails":[],"failureMessages":[],"fullName":"Attendance Module Functional & Boundary Tests Feature 2: Update Attendance (PUT /api/attendance/:attendanceId) 2.7 Should return 400 when editor ID is missing from req.user","invocations":1,"location":null,"numPassingAsserts":1,"retryReasons":[],"startAt":1784087529472,"status":"passed","title":"2.7 Should return 400 when editor ID is missing from req.user"},{"ancestorTitles":["Attendance Module Functional & Boundary Tests","Feature 2: Update Attendance (PUT /api/attendance/:attendanceId)"],"duration":15,"failing":false,"failureDetails":[],"failureMessages":[],"fullName":"Attendance Module Functional & Boundary Tests Feature 2: Update Attendance (PUT /api/attendance/:attendanceId) 2.8 Should return 400 when editor Role is missing from req.user","invocations":1,"location":null,"numPassingAsserts":1,"retryReasons":[],"startAt":1784087529488,"status":"passed","title":"2.8 Should return 400 when editor Role is missing from req.user"},{"ancestorTitles":["Attendance Module Functional & Boundary Tests","Feature 2: Update Attendance (PUT /api/attendance/:attendanceId)"],"duration":18,"failing":false,"failureDetails":[],"failureMessages":[],"fullName":"Attendance Module Functional & Boundary Tests Feature 2: Update Attendance (PUT /api/attendance/:attendanceId) 2.9 Should return 500/unauthorized when user has unauthorized role STUDENT","invocations":1,"location":null,"numPassingAsserts":1,"retryReasons":[],"startAt":1784087529503,"status":"passed","title":"2.9 Should return 500/unauthorized when user has unauthorized role STUDENT"},{"ancestorTitles":["Attendance Module Functional & Boundary Tests","Feature 2: Update Attendance (PUT /api/attendance/:attendanceId)"],"duration":10,"failing":false,"failureDetails":[],"failureMessages":[],"fullName":"Attendance Module Functional & Boundary Tests Feature 2: Update Attendance (PUT /api/attendance/:attendanceId) 2.10 Should return 500 when attendanceId does not exist","invocations":1,"location":null,"numPassingAsserts":1,"retryReasons":[],"startAt":1784087529521,"status":"passed","title":"2.10 Should return 500 when attendanceId does not exist"},{"ancestorTitles":["Attendance Module Functional & Boundary Tests","Feature 2: Update Attendance (PUT /api/attendance/:attendanceId)"],"duration":13,"failing":false,"failureDetails":[],"failureMessages":[],"fullName":"Attendance Module Functional & Boundary Tests Feature 2: Update Attendance (PUT /api/attendance/:attendanceId) 2.11 Should return 500 when updating with an invalid status","invocations":1,"location":null,"numPassingAsserts":1,"retryReasons":[],"startAt":1784087529531,"status":"passed","title":"2.11 Should return 500 when updating with an invalid status"},{"ancestorTitles":["Attendance Module Functional & Boundary Tests","Feature 2: Update Attendance (PUT /api/attendance/:attendanceId)"],"duration":1,"failing":false,"failureDetails":[],"failureMessages":[],"fullName":"Attendance Module Functional & Boundary Tests Feature 2: Update Attendance (PUT /api/attendance/:attendanceId) 2.12 Service boundary error: missing attendanceId","invocations":1,"location":null,"numPassingAsserts":1,"retryReasons":[],"startAt":1784087529544,"status":"passed","title":"2.12 Service boundary error: missing attendanceId"},{"ancestorTitles":["Attendance Module Functional & Boundary Tests","Feature 2: Update Attendance (PUT /api/attendance/:attendanceId)"],"duration":0,"failing":false,"failureDetails":[],"failureMessages":[],"fullName":"Attendance Module Functional & Boundary Tests Feature 2: Update Attendance (PUT /api/attendance/:attendanceId) 2.13 Service boundary error: missing updateData","invocations":1,"location":null,"numPassingAsserts":1,"retryReasons":[],"startAt":1784087529545,"status":"passed","title":"2.13 Service boundary error: missing updateData"},{"ancestorTitles":["Attendance Module Functional & Boundary Tests","Feature 2: Update Attendance (PUT /api/attendance/:attendanceId)"],"duration":0,"failing":false,"failureDetails":[],"failureMessages":[],"fullName":"Attendance Module Functional & Boundary Tests Feature 2: Update Attendance (PUT /api/attendance/:attendanceId) 2.14 Service boundary error: missing status in updateData","invocations":1,"location":null,"numPassingAsserts":1,"retryReasons":[],"startAt":1784087529546,"status":"passed","title":"2.14 Service boundary error: missing status in updateData"},{"ancestorTitles":["Attendance Module Functional & Boundary Tests","Feature 2: Update Attendance (PUT /api/attendance/:attendanceId)"],"duration":1,"failing":false,"failureDetails":[],"failureMessages":[],"fullName":"Attendance Module Functional & Boundary Tests Feature 2: Update Attendance (PUT /api/attendance/:attendanceId) 2.15 Service boundary error: missing reason in updateData","invocations":1,"location":null,"numPassingAsserts":1,"retryReasons":[],"startAt":1784087529546,"status":"passed","title":"2.15 Service boundary error: missing reason in updateData"},{"ancestorTitles":["Attendance Module Functional & Boundary Tests","Feature 2: Update Attendance (PUT /api/attendance/:attendanceId)"],"duration":1,"failing":false,"failureDetails":[],"failureMessages":[],"fullName":"Attendance Module Functional & Boundary Tests Feature 2: Update Attendance (PUT /api/attendance/:attendanceId) 2.16 Service boundary error: empty string reason","invocations":1,"location":null,"numPassingAsserts":1,"retryReasons":[],"startAt":1784087529547,"status":"passed","title":"2.16 Service boundary error: empty string reason"},{"ancestorTitles":["Attendance Module Functional & Boundary Tests","Feature 2: Update Attendance (PUT /api/attendance/:attendanceId)"],"duration":1,"failing":false,"failureDetails":[],"failureMessages":[],"fullName":"Attendance Module Functional & Boundary Tests Feature 2: Update Attendance (PUT /api/attendance/:attendanceId) 2.17 Service boundary error: whitespace string reason","invocations":1,"location":null,"numPassingAsserts":1,"retryReasons":[],"startAt":1784087529548,"status":"passed","title":"2.17 Service boundary error: whitespace string reason"},{"ancestorTitles":["Attendance Module Functional & Boundary Tests","Feature 2: Update Attendance (PUT /api/attendance/:attendanceId)"],"duration":1,"failing":false,"failureDetails":[],"failureMessages":[],"fullName":"Attendance Module Functional & Boundary Tests Feature 2: Update Attendance (PUT /api/attendance/:attendanceId) 2.18 Service boundary error: missing editor object","invocations":1,"location":null,"numPassingAsserts":1,"retryReasons":[],"startAt":1784087529550,"status":"passed","title":"2.18 Service boundary error: missing editor object"},{"ancestorTitles":["Attendance Module Functional & Boundary Tests","Feature 2: Update Attendance (PUT /api/attendance/:attendanceId)"],"duration":1,"failing":false,"failureDetails":[],"failureMessages":[],"fullName":"Attendance Module Functional & Boundary Tests Feature 2: Update Attendance (PUT /api/attendance/:attendanceId) 2.19 Boundary: Case insensitivity of editor role (e.g. lowercase \"faculty\")","invocations":1,"location":null,"numPassingAsserts":1,"retryReasons":[],"startAt":1784087529551,"status":"passed","title":"2.19 Boundary: Case insensitivity of editor role (e.g. lowercase \"faculty\")"},{"ancestorTitles":["Attendance Module Functional & Boundary Tests","Feature 2: Update Attendance (PUT /api/attendance/:attendanceId)"],"duration":1,"failing":false,"failureDetails":[],"failureMessages":[],"fullName":"Attendance Module Functional & Boundary Tests Feature 2: Update Attendance (PUT /api/attendance/:attendanceId) 2.20 Boundary: Trimming leading/trailing whitespaces in correction reason","invocations":1,"location":null,"numPassingAsserts":1,"retryReasons":[],"startAt":1784087529552,"status":"passed","title":"2.20 Boundary: Trimming leading/trailing whitespaces in correction reason"},{"ancestorTitles":["Attendance Module Functional & Boundary Tests","Feature 3: Get Attendance Summary (GET /api/attendance/summary)"],"duration":19,"failing":false,"failureDetails":[],"failureMessages":[],"fullName":"Attendance Module Functional & Boundary Tests Feature 3: Get Attendance Summary (GET /api/attendance/summary) 3.1 Should return summary successfully without filter parameters","invocations":1,"location":null,"numPassingAsserts":2,"retryReasons":[],"startAt":1784087529554,"status":"passed","title":"3.1 Should return summary successfully without filter parameters"},{"ancestorTitles":["Attendance Module Functional & Boundary Tests","Feature 3: Get Attendance Summary (GET /api/attendance/summary)"],"duration":14,"failing":false,"failureDetails":[],"failureMessages":[],"fullName":"Attendance Module Functional & Boundary Tests Feature 3: Get Attendance Summary (GET /api/attendance/summary) 3.2 Should filter summary by universityId automatically from user session","invocations":1,"location":null,"numPassingAsserts":1,"retryReasons":[],"startAt":1784087529573,"status":"passed","title":"3.2 Should filter summary by universityId automatically from user session"},{"ancestorTitles":["Attendance Module Functional & Boundary Tests","Feature 3: Get Attendance Summary (GET /api/attendance/summary)"],"duration":17,"failing":false,"failureDetails":[],"failureMessages":[],"fullName":"Attendance Module Functional & Boundary Tests Feature 3: Get Attendance Summary (GET /api/attendance/summary) 3.3 Should allow SUPER_ADMIN to query summary of another universityId","invocations":1,"location":null,"numPassingAsserts":1,"retryReasons":[],"startAt":1784087529588,"status":"passed","title":"3.3 Should allow SUPER_ADMIN to query summary of another universityId"},{"ancestorTitles":["Attendance Module Functional & Boundary Tests","Feature 3: Get Attendance Summary (GET /api/attendance/summary)"],"duration":17,"failing":false,"failureDetails":[],"failureMessages":[],"fullName":"Attendance Module Functional & Boundary Tests Feature 3: Get Attendance Summary (GET /api/attendance/summary) 3.4 Should pass filters: startDate, endDate, courseId, batchId","invocations":1,"location":null,"numPassingAsserts":1,"retryReasons":[],"startAt":1784087529605,"status":"passed","title":"3.4 Should pass filters: startDate, endDate, courseId, batchId"},{"ancestorTitles":["Attendance Module Functional & Boundary Tests","Feature 3: Get Attendance Summary (GET /api/attendance/summary)"],"duration":0,"failing":false,"failureDetails":[],"failureMessages":[],"fullName":"Attendance Module Functional & Boundary Tests Feature 3: Get Attendance Summary (GET /api/attendance/summary) 3.5 Service boundary: Default filters object when getAttendanceSummary is called with no parameters","invocations":1,"location":null,"numPassingAsserts":1,"retryReasons":[],"startAt":1784087529622,"status":"passed","title":"3.5 Service boundary: Default filters object when getAttendanceSummary is called with no parameters"},{"ancestorTitles":["Attendance Module Functional & Boundary Tests","Feature 3: Get Attendance Summary (GET /api/attendance/summary)"],"duration":13,"failing":false,"failureDetails":[],"failureMessages":[],"fullName":"Attendance Module Functional & Boundary Tests Feature 3: Get Attendance Summary (GET /api/attendance/summary) 3.6 Boundary: Empty string value filters","invocations":1,"location":null,"numPassingAsserts":1,"retryReasons":[],"startAt":1784087529623,"status":"passed","title":"3.6 Boundary: Empty string value filters"},{"ancestorTitles":["Attendance Module Functional & Boundary Tests","Feature 3: Get Attendance Summary (GET /api/attendance/summary)"],"duration":11,"failing":false,"failureDetails":[],"failureMessages":[],"fullName":"Attendance Module Functional & Boundary Tests Feature 3: Get Attendance Summary (GET /api/attendance/summary) 3.7 Boundary: Date range where start is equal to end","invocations":1,"location":null,"numPassingAsserts":1,"retryReasons":[],"startAt":1784087529636,"status":"passed","title":"3.7 Boundary: Date range where start is equal to end"},{"ancestorTitles":["Attendance Module Functional & Boundary Tests","Feature 3: Get Attendance Summary (GET /api/attendance/summary)"],"duration":0,"failing":false,"failureDetails":[],"failureMessages":[],"fullName":"Attendance Module Functional & Boundary Tests Feature 3: Get Attendance Summary (GET /api/attendance/summary) 3.8 Boundary: Date format YYYY-MM-DD validation passing to repository","invocations":1,"location":null,"numPassingAsserts":1,"retryReasons":[],"startAt":1784087529647,"status":"passed","title":"3.8 Boundary: Date format YYYY-MM-DD validation passing to repository"},{"ancestorTitles":["Attendance Module Functional & Boundary Tests","Feature 3: Get Attendance Summary (GET /api/attendance/summary)"],"duration":0,"failing":false,"failureDetails":[],"failureMessages":[],"fullName":"Attendance Module Functional & Boundary Tests Feature 3: Get Attendance Summary (GET /api/attendance/summary) 3.9 Boundary: ISO 8601 string dates parsing","invocations":1,"location":null,"numPassingAsserts":1,"retryReasons":[],"startAt":1784087529648,"status":"passed","title":"3.9 Boundary: ISO 8601 string dates parsing"},{"ancestorTitles":["Attendance Module Functional & Boundary Tests","Feature 3: Get Attendance Summary (GET /api/attendance/summary)"],"duration":0,"failing":false,"failureDetails":[],"failureMessages":[],"fullName":"Attendance Module Functional & Boundary Tests Feature 3: Get Attendance Summary (GET /api/attendance/summary) 3.10 Boundary: Invalid date string format handling","invocations":1,"location":null,"numPassingAsserts":1,"retryReasons":[],"startAt":1784087529648,"status":"passed","title":"3.10 Boundary: Invalid date string format handling"},{"ancestorTitles":["Attendance Module Functional & Boundary Tests","Feature 3: Get Attendance Summary (GET /api/attendance/summary)"],"duration":1,"failing":false,"failureDetails":[],"failureMessages":[],"fullName":"Attendance Module Functional & Boundary Tests Feature 3: Get Attendance Summary (GET /api/attendance/summary) 3.11 Boundary: Future start date in summary filters","invocations":1,"location":null,"numPassingAsserts":1,"retryReasons":[],"startAt":1784087529648,"status":"passed","title":"3.11 Boundary: Future start date in summary filters"},{"ancestorTitles":["Attendance Module Functional & Boundary Tests","Feature 3: Get Attendance Summary (GET /api/attendance/summary)"],"duration":1,"failing":false,"failureDetails":[],"failureMessages":[],"fullName":"Attendance Module Functional & Boundary Tests Feature 3: Get Attendance Summary (GET /api/attendance/summary) 3.12 Boundary: Past end date in summary filters","invocations":1,"location":null,"numPassingAsserts":1,"retryReasons":[],"startAt":1784087529649,"status":"passed","title":"3.12 Boundary: Past end date in summary filters"},{"ancestorTitles":["Attendance Module Functional & Boundary Tests","Feature 3: Get Attendance Summary (GET /api/attendance/summary)"],"duration":0,"failing":false,"failureDetails":[],"failureMessages":[],"fullName":"Attendance Module Functional & Boundary Tests Feature 3: Get Attendance Summary (GET /api/attendance/summary) 3.13 Boundary: Extremely long courseId string query boundary","invocations":1,"location":null,"numPassingAsserts":1,"retryReasons":[],"startAt":1784087529650,"status":"passed","title":"3.13 Boundary: Extremely long courseId string query boundary"},{"ancestorTitles":["Attendance Module Functional & Boundary Tests","Feature 3: Get Attendance Summary (GET /api/attendance/summary)"],"duration":2,"failing":false,"failureDetails":[],"failureMessages":[],"fullName":"Attendance Module Functional & Boundary Tests Feature 3: Get Attendance Summary (GET /api/attendance/summary) 3.14 Boundary: Extremely long batchId string query boundary","invocations":1,"location":null,"numPassingAsserts":1,"retryReasons":[],"startAt":1784087529651,"status":"passed","title":"3.14 Boundary: Extremely long batchId string query boundary"},{"ancestorTitles":["Attendance Module Functional & Boundary Tests","Feature 3: Get Attendance Summary (GET /api/attendance/summary)"],"duration":0,"failing":false,"failureDetails":[],"failureMessages":[],"fullName":"Attendance Module Functional & Boundary Tests Feature 3: Get Attendance Summary (GET /api/attendance/summary) 3.15 Boundary: Non-UUID format parameter validation","invocations":1,"location":null,"numPassingAsserts":1,"retryReasons":[],"startAt":1784087529654,"status":"passed","title":"3.15 Boundary: Non-UUID format parameter validation"},{"ancestorTitles":["Attendance Module Functional & Boundary Tests","Feature 3: Get Attendance Summary (GET /api/attendance/summary)"],"duration":1,"failing":false,"failureDetails":[],"failureMessages":[],"fullName":"Attendance Module Functional & Boundary Tests Feature 3: Get Attendance Summary (GET /api/attendance/summary) 3.16 Boundary: Return object validation format","invocations":1,"location":null,"numPassingAsserts":2,"retryReasons":[],"startAt":1784087529654,"status":"passed","title":"3.16 Boundary: Return object validation format"},{"ancestorTitles":["Attendance Module Functional & Boundary Tests","Feature 3: Get Attendance Summary (GET /api/attendance/summary)"],"duration":0,"failing":false,"failureDetails":[],"failureMessages":[],"fullName":"Attendance Module Functional & Boundary Tests Feature 3: Get Attendance Summary (GET /api/attendance/summary) 3.17 Boundary: Decimal percentage formatting check","invocations":1,"location":null,"numPassingAsserts":1,"retryReasons":[],"startAt":1784087529655,"status":"passed","title":"3.17 Boundary: Decimal percentage formatting check"},{"ancestorTitles":["Attendance Module Functional & Boundary Tests","Feature 3: Get Attendance Summary (GET /api/attendance/summary)"],"duration":0,"failing":false,"failureDetails":[],"failureMessages":[],"fullName":"Attendance Module Functional & Boundary Tests Feature 3: Get Attendance Summary (GET /api/attendance/summary) 3.18 Boundary: Special characters in courseId","invocations":1,"location":null,"numPassingAsserts":1,"retryReasons":[],"startAt":1784087529655,"status":"passed","title":"3.18 Boundary: Special characters in courseId"},{"ancestorTitles":["Attendance Module Functional & Boundary Tests","Feature 3: Get Attendance Summary (GET /api/attendance/summary)"],"duration":0,"failing":false,"failureDetails":[],"failureMessages":[],"fullName":"Attendance Module Functional & Boundary Tests Feature 3: Get Attendance Summary (GET /api/attendance/summary) 3.19 Boundary: Special characters in batchId","invocations":1,"location":null,"numPassingAsserts":1,"retryReasons":[],"startAt":1784087529655,"status":"passed","title":"3.19 Boundary: Special characters in batchId"},{"ancestorTitles":["Attendance Module Functional & Boundary Tests","Feature 3: Get Attendance Summary (GET /api/attendance/summary)"],"duration":14,"failing":false,"failureDetails":[],"failureMessages":[],"fullName":"Attendance Module Functional & Boundary Tests Feature 3: Get Attendance Summary (GET /api/attendance/summary) 3.20 Boundary: SQL Injection payload in startDate query parameter","invocations":1,"location":null,"numPassingAsserts":1,"retryReasons":[],"startAt":1784087529656,"status":"passed","title":"3.20 Boundary: SQL Injection payload in startDate query parameter"},{"ancestorTitles":["Attendance Module Functional & Boundary Tests","Feature 3: Get Attendance Summary (GET /api/attendance/summary)"],"duration":14,"failing":false,"failureDetails":[],"failureMessages":[],"fullName":"Attendance Module Functional & Boundary Tests Feature 3: Get Attendance Summary (GET /api/attendance/summary) 3.21 Boundary: SQL Injection payload in endDate query parameter","invocations":1,"location":null,"numPassingAsserts":1,"retryReasons":[],"startAt":1784087529670,"status":"passed","title":"3.21 Boundary: SQL Injection payload in endDate query parameter"},{"ancestorTitles":["Attendance Module Functional & Boundary Tests","Feature 3: Get Attendance Summary (GET /api/attendance/summary)"],"duration":15,"failing":false,"failureDetails":[],"failureMessages":[],"fullName":"Attendance Module Functional & Boundary Tests Feature 3: Get Attendance Summary (GET /api/attendance/summary) 3.22 Boundary: SQL Injection payload in courseId query parameter","invocations":1,"location":null,"numPassingAsserts":1,"retryReasons":[],"startAt":1784087529685,"status":"passed","title":"3.22 Boundary: SQL Injection payload in courseId query parameter"},{"ancestorTitles":["Attendance Module Functional & Boundary Tests","Feature 3: Get Attendance Summary (GET /api/attendance/summary)"],"duration":20,"failing":false,"failureDetails":[],"failureMessages":[],"fullName":"Attendance Module Functional & Boundary Tests Feature 3: Get Attendance Summary (GET /api/attendance/summary) 3.23 Boundary: SQL Injection payload in batchId query parameter","invocations":1,"location":null,"numPassingAsserts":1,"retryReasons":[],"startAt":1784087529700,"status":"passed","title":"3.23 Boundary: SQL Injection payload in batchId query parameter"},{"ancestorTitles":["Attendance Module Functional & Boundary Tests","Feature 3: Get Attendance Summary (GET /api/attendance/summary)"],"duration":8,"failing":false,"failureDetails":[],"failureMessages":[],"fullName":"Attendance Module Functional & Boundary Tests Feature 3: Get Attendance Summary (GET /api/attendance/summary) 3.24 Boundary: SQL Injection payload in universityId query parameter","invocations":1,"location":null,"numPassingAsserts":1,"retryReasons":[],"startAt":1784087529720,"status":"passed","title":"3.24 Boundary: SQL Injection payload in universityId query parameter"},{"ancestorTitles":["Attendance Module Functional & Boundary Tests","Feature 3: Get Attendance Summary (GET /api/attendance/summary)"],"duration":0,"failing":false,"failureDetails":[],"failureMessages":[],"fullName":"Attendance Module Functional & Boundary Tests Feature 3: Get Attendance Summary (GET /api/attendance/summary) 3.25 Error behavior: Database returns undefined rows","invocations":1,"location":null,"numPassingAsserts":1,"retryReasons":[],"startAt":1784087529729,"status":"passed","title":"3.25 Error behavior: Database returns undefined rows"},{"ancestorTitles":["Attendance Module Functional & Boundary Tests","Feature 3: Get Attendance Summary (GET /api/attendance/summary)"],"duration":1,"failing":false,"failureDetails":[],"failureMessages":[],"fullName":"Attendance Module Functional & Boundary Tests Feature 3: Get Attendance Summary (GET /api/attendance/summary) 3.26 Error behavior: Database error propagation","invocations":1,"location":null,"numPassingAsserts":1,"retryReasons":[],"startAt":1784087529729,"status":"passed","title":"3.26 Error behavior: Database error propagation"},{"ancestorTitles":["Attendance Module Functional & Boundary Tests","Feature 3: Get Attendance Summary (GET /api/attendance/summary)"],"duration":0,"failing":false,"failureDetails":[],"failureMessages":[],"fullName":"Attendance Module Functional & Boundary Tests Feature 3: Get Attendance Summary (GET /api/attendance/summary) 3.27 Case sensitivity of filters check","invocations":1,"location":null,"numPassingAsserts":1,"retryReasons":[],"startAt":1784087529730,"status":"passed","title":"3.27 Case sensitivity of filters check"},{"ancestorTitles":["Attendance Module Functional & Boundary Tests","Feature 3: Get Attendance Summary (GET /api/attendance/summary)"],"duration":0,"failing":false,"failureDetails":[],"failureMessages":[],"fullName":"Attendance Module Functional & Boundary Tests Feature 3: Get Attendance Summary (GET /api/attendance/summary) 3.28 Zero records state boundary check","invocations":1,"location":null,"numPassingAsserts":1,"retryReasons":[],"startAt":1784087529730,"status":"passed","title":"3.28 Zero records state boundary check"},{"ancestorTitles":["Attendance Module Functional & Boundary Tests","Feature 3: Get Attendance Summary (GET /api/attendance/summary)"],"duration":0,"failing":false,"failureDetails":[],"failureMessages":[],"fullName":"Attendance Module Functional & Boundary Tests Feature 3: Get Attendance Summary (GET /api/attendance/summary) 3.29 Null filters handling","invocations":1,"location":null,"numPassingAsserts":1,"retryReasons":[],"startAt":1784087529731,"status":"passed","title":"3.29 Null filters handling"},{"ancestorTitles":["Attendance Module Functional & Boundary Tests","Feature 4: Get Student Attendance (GET /api/attendance/student/:studentId)"],"duration":12,"failing":false,"failureDetails":[],"failureMessages":[],"fullName":"Attendance Module Functional & Boundary Tests Feature 4: Get Student Attendance (GET /api/attendance/student/:studentId) 4.1 Should retrieve student records successfully","invocations":1,"location":null,"numPassingAsserts":2,"retryReasons":[],"startAt":1784087529731,"status":"passed","title":"4.1 Should retrieve student records successfully"},{"ancestorTitles":["Attendance Module Functional & Boundary Tests","Feature 4: Get Student Attendance (GET /api/attendance/student/:studentId)"],"duration":20,"failing":false,"failureDetails":[],"failureMessages":[],"fullName":"Attendance Module Functional & Boundary Tests Feature 4: Get Student Attendance (GET /api/attendance/student/:studentId) 4.2 Should forward date range parameters to repository","invocations":1,"location":null,"numPassingAsserts":1,"retryReasons":[],"startAt":1784087529743,"status":"passed","title":"4.2 Should forward date range parameters to repository"},{"ancestorTitles":["Attendance Module Functional & Boundary Tests","Feature 4: Get Student Attendance (GET /api/attendance/student/:studentId)"],"duration":2,"failing":false,"failureDetails":[],"failureMessages":[],"fullName":"Attendance Module Functional & Boundary Tests Feature 4: Get Student Attendance (GET /api/attendance/student/:studentId) 4.3 Service validation: Throw error if studentId is missing","invocations":1,"location":null,"numPassingAsserts":1,"retryReasons":[],"startAt":1784087529763,"status":"passed","title":"4.3 Service validation: Throw error if studentId is missing"},{"ancestorTitles":["Attendance Module Functional & Boundary Tests","Feature 4: Get Student Attendance (GET /api/attendance/student/:studentId)"],"duration":14,"failing":false,"failureDetails":[],"failureMessages":[],"fullName":"Attendance Module Functional & Boundary Tests Feature 4: Get Student Attendance (GET /api/attendance/student/:studentId) 4.4 Boundary: Student with no records returning empty array","invocations":1,"location":null,"numPassingAsserts":2,"retryReasons":[],"startAt":1784087529765,"status":"passed","title":"4.4 Boundary: Student with no records returning empty array"},{"ancestorTitles":["Attendance Module Functional & Boundary Tests","Feature 4: Get Student Attendance (GET /api/attendance/student/:studentId)"],"duration":15,"failing":false,"failureDetails":[],"failureMessages":[],"fullName":"Attendance Module Functional & Boundary Tests Feature 4: Get Student Attendance (GET /api/attendance/student/:studentId) 4.5 Boundary: studentId with special characters","invocations":1,"location":null,"numPassingAsserts":1,"retryReasons":[],"startAt":1784087529780,"status":"passed","title":"4.5 Boundary: studentId with special characters"},{"ancestorTitles":["Attendance Module Functional & Boundary Tests","Feature 4: Get Student Attendance (GET /api/attendance/student/:studentId)"],"duration":1,"failing":false,"failureDetails":[],"failureMessages":[],"fullName":"Attendance Module Functional & Boundary Tests Feature 4: Get Student Attendance (GET /api/attendance/student/:studentId) 4.6 Boundary: pagination limit = 0","invocations":1,"location":null,"numPassingAsserts":1,"retryReasons":[],"startAt":1784087529795,"status":"passed","title":"4.6 Boundary: pagination limit = 0"},{"ancestorTitles":["Attendance Module Functional & Boundary Tests","Feature 4: Get Student Attendance (GET /api/attendance/student/:studentId)"],"duration":1,"failing":false,"failureDetails":[],"failureMessages":[],"fullName":"Attendance Module Functional & Boundary Tests Feature 4: Get Student Attendance (GET /api/attendance/student/:studentId) 4.7 Boundary: pagination limit = negative (-5)","invocations":1,"location":null,"numPassingAsserts":1,"retryReasons":[],"startAt":1784087529796,"status":"passed","title":"4.7 Boundary: pagination limit = negative (-5)"},{"ancestorTitles":["Attendance Module Functional & Boundary Tests","Feature 4: Get Student Attendance (GET /api/attendance/student/:studentId)"],"duration":0,"failing":false,"failureDetails":[],"failureMessages":[],"fullName":"Attendance Module Functional & Boundary Tests Feature 4: Get Student Attendance (GET /api/attendance/student/:studentId) 4.8 Boundary: pagination offset = negative (-10)","invocations":1,"location":null,"numPassingAsserts":1,"retryReasons":[],"startAt":1784087529797,"status":"passed","title":"4.8 Boundary: pagination offset = negative (-10)"},{"ancestorTitles":["Attendance Module Functional & Boundary Tests","Feature 4: Get Student Attendance (GET /api/attendance/student/:studentId)"],"duration":1,"failing":false,"failureDetails":[],"failureMessages":[],"fullName":"Attendance Module Functional & Boundary Tests Feature 4: Get Student Attendance (GET /api/attendance/student/:studentId) 4.9 Boundary: limit as non-integer string","invocations":1,"location":null,"numPassingAsserts":1,"retryReasons":[],"startAt":1784087529797,"status":"passed","title":"4.9 Boundary: limit as non-integer string"},{"ancestorTitles":["Attendance Module Functional & Boundary Tests","Feature 4: Get Student Attendance (GET /api/attendance/student/:studentId)"],"duration":0,"failing":false,"failureDetails":[],"failureMessages":[],"fullName":"Attendance Module Functional & Boundary Tests Feature 4: Get Student Attendance (GET /api/attendance/student/:studentId) 4.10 Boundary: offset as non-integer string","invocations":1,"location":null,"numPassingAsserts":1,"retryReasons":[],"startAt":1784087529798,"status":"passed","title":"4.10 Boundary: offset as non-integer string"},{"ancestorTitles":["Attendance Module Functional & Boundary Tests","Feature 4: Get Student Attendance (GET /api/attendance/student/:studentId)"],"duration":0,"failing":false,"failureDetails":[],"failureMessages":[],"fullName":"Attendance Module Functional & Boundary Tests Feature 4: Get Student Attendance (GET /api/attendance/student/:studentId) 4.11 Boundary: extremely high limit value (1000000)","invocations":1,"location":null,"numPassingAsserts":1,"retryReasons":[],"startAt":1784087529798,"status":"passed","title":"4.11 Boundary: extremely high limit value (1000000)"},{"ancestorTitles":["Attendance Module Functional & Boundary Tests","Feature 4: Get Student Attendance (GET /api/attendance/student/:studentId)"],"duration":1,"failing":false,"failureDetails":[],"failureMessages":[],"fullName":"Attendance Module Functional & Boundary Tests Feature 4: Get Student Attendance (GET /api/attendance/student/:studentId) 4.12 Boundary: Float limit value (10.5)","invocations":1,"location":null,"numPassingAsserts":1,"retryReasons":[],"startAt":1784087529798,"status":"passed","title":"4.12 Boundary: Float limit value (10.5)"},{"ancestorTitles":["Attendance Module Functional & Boundary Tests","Feature 4: Get Student Attendance (GET /api/attendance/student/:studentId)"],"duration":0,"failing":false,"failureDetails":[],"failureMessages":[],"fullName":"Attendance Module Functional & Boundary Tests Feature 4: Get Student Attendance (GET /api/attendance/student/:studentId) 4.13 Boundary: Float offset value (5.5)","invocations":1,"location":null,"numPassingAsserts":1,"retryReasons":[],"startAt":1784087529799,"status":"passed","title":"4.13 Boundary: Float offset value (5.5)"},{"ancestorTitles":["Attendance Module Functional & Boundary Tests","Feature 4: Get Student Attendance (GET /api/attendance/student/:studentId)"],"duration":0,"failing":false,"failureDetails":[],"failureMessages":[],"fullName":"Attendance Module Functional & Boundary Tests Feature 4: Get Student Attendance (GET /api/attendance/student/:studentId) 4.14 Boundary: Date filtering with startDate only","invocations":1,"location":null,"numPassingAsserts":1,"retryReasons":[],"startAt":1784087529799,"status":"passed","title":"4.14 Boundary: Date filtering with startDate only"},{"ancestorTitles":["Attendance Module Functional & Boundary Tests","Feature 4: Get Student Attendance (GET /api/attendance/student/:studentId)"],"duration":0,"failing":false,"failureDetails":[],"failureMessages":[],"fullName":"Attendance Module Functional & Boundary Tests Feature 4: Get Student Attendance (GET /api/attendance/student/:studentId) 4.15 Boundary: Date filtering with endDate only","invocations":1,"location":null,"numPassingAsserts":1,"retryReasons":[],"startAt":1784087529799,"status":"passed","title":"4.15 Boundary: Date filtering with endDate only"},{"ancestorTitles":["Attendance Module Functional & Boundary Tests","Feature 4: Get Student Attendance (GET /api/attendance/student/:studentId)"],"duration":12,"failing":false,"failureDetails":[],"failureMessages":[],"fullName":"Attendance Module Functional & Boundary Tests Feature 4: Get Student Attendance (GET /api/attendance/student/:studentId) 4.16 SQL Injection payload in pagination limit via HTTP query","invocations":1,"location":null,"numPassingAsserts":1,"retryReasons":[],"startAt":1784087529799,"status":"passed","title":"4.16 SQL Injection payload in pagination limit via HTTP query"},{"ancestorTitles":["Attendance Module Functional & Boundary Tests","Feature 4: Get Student Attendance (GET /api/attendance/student/:studentId)"],"duration":11,"failing":false,"failureDetails":[],"failureMessages":[],"fullName":"Attendance Module Functional & Boundary Tests Feature 4: Get Student Attendance (GET /api/attendance/student/:studentId) 4.17 SQL Injection payload in pagination offset via HTTP query","invocations":1,"location":null,"numPassingAsserts":1,"retryReasons":[],"startAt":1784087529811,"status":"passed","title":"4.17 SQL Injection payload in pagination offset via HTTP query"},{"ancestorTitles":["Attendance Module Functional & Boundary Tests","Feature 4: Get Student Attendance (GET /api/attendance/student/:studentId)"],"duration":13,"failing":false,"failureDetails":[],"failureMessages":[],"fullName":"Attendance Module Functional & Boundary Tests Feature 4: Get Student Attendance (GET /api/attendance/student/:studentId) 4.18 Empty string parameters check for student records query","invocations":1,"location":null,"numPassingAsserts":1,"retryReasons":[],"startAt":1784087529822,"status":"passed","title":"4.18 Empty string parameters check for student records query"},{"ancestorTitles":["Attendance Module Functional & Boundary Tests","Feature 4: Get Student Attendance (GET /api/attendance/student/:studentId)"],"duration":14,"failing":false,"failureDetails":[],"failureMessages":[],"fullName":"Attendance Module Functional & Boundary Tests Feature 4: Get Student Attendance (GET /api/attendance/student/:studentId) 4.19 Fields verification inside response list items","invocations":1,"location":null,"numPassingAsserts":5,"retryReasons":[],"startAt":1784087529835,"status":"passed","title":"4.19 Fields verification inside response list items"},{"ancestorTitles":["Attendance Module Functional & Boundary Tests","Feature 4: Get Student Attendance (GET /api/attendance/student/:studentId)"],"duration":13,"failing":false,"failureDetails":[],"failureMessages":[],"fullName":"Attendance Module Functional & Boundary Tests Feature 4: Get Student Attendance (GET /api/attendance/student/:studentId) 4.20 SQL Injection payload in studentId parameter","invocations":1,"location":null,"numPassingAsserts":1,"retryReasons":[],"startAt":1784087529849,"status":"passed","title":"4.20 SQL Injection payload in studentId parameter"},{"ancestorTitles":["Attendance Module Functional & Boundary Tests","Feature 4: Get Student Attendance (GET /api/attendance/student/:studentId)"],"duration":7,"failing":false,"failureDetails":[],"failureMessages":[],"fullName":"Attendance Module Functional & Boundary Tests Feature 4: Get Student Attendance (GET /api/attendance/student/:studentId) 4.21 Extremely long studentId query string (500 chars)","invocations":1,"location":null,"numPassingAsserts":1,"retryReasons":[],"startAt":1784087529862,"status":"passed","title":"4.21 Extremely long studentId query string (500 chars)"},{"ancestorTitles":["Attendance Module Functional & Boundary Tests","Feature 4: Get Student Attendance (GET /api/attendance/student/:studentId)"],"duration":12,"failing":false,"failureDetails":[],"failureMessages":[],"fullName":"Attendance Module Functional & Boundary Tests Feature 4: Get Student Attendance (GET /api/attendance/student/:studentId) 4.22 Database error propagation in student records fetch","invocations":1,"location":null,"numPassingAsserts":1,"retryReasons":[],"startAt":1784087529869,"status":"passed","title":"4.22 Database error propagation in student records fetch"},{"ancestorTitles":["Attendance Module Functional & Boundary Tests","Feature 4: Get Student Attendance (GET /api/attendance/student/:studentId)"],"duration":13,"failing":false,"failureDetails":[],"failureMessages":[],"fullName":"Attendance Module Functional & Boundary Tests Feature 4: Get Student Attendance (GET /api/attendance/student/:studentId) 4.23 Multiple studentId parameters in query array check","invocations":1,"location":null,"numPassingAsserts":1,"retryReasons":[],"startAt":1784087529881,"status":"passed","title":"4.23 Multiple studentId parameters in query array check"},{"ancestorTitles":["Attendance Module Functional & Boundary Tests","Feature 5: Get Course Attendance (GET /api/attendance/course/:courseId)"],"duration":9,"failing":false,"failureDetails":[],"failureMessages":[],"fullName":"Attendance Module Functional & Boundary Tests Feature 5: Get Course Attendance (GET /api/attendance/course/:courseId) 5.1 Should retrieve course records successfully","invocations":1,"location":null,"numPassingAsserts":2,"retryReasons":[],"startAt":1784087529894,"status":"passed","title":"5.1 Should retrieve course records successfully"},{"ancestorTitles":["Attendance Module Functional & Boundary Tests","Feature 5: Get Course Attendance (GET /api/attendance/course/:courseId)"],"duration":0,"failing":false,"failureDetails":[],"failureMessages":[],"fullName":"Attendance Module Functional & Boundary Tests Feature 5: Get Course Attendance (GET /api/attendance/course/:courseId) 5.2 Service validation: Throw error if courseId is missing","invocations":1,"location":null,"numPassingAsserts":1,"retryReasons":[],"startAt":1784087529903,"status":"passed","title":"5.2 Service validation: Throw error if courseId is missing"},{"ancestorTitles":["Attendance Module Functional & Boundary Tests","Feature 5: Get Course Attendance (GET /api/attendance/course/:courseId)"],"duration":10,"failing":false,"failureDetails":[],"failureMessages":[],"fullName":"Attendance Module Functional & Boundary Tests Feature 5: Get Course Attendance (GET /api/attendance/course/:courseId) 5.3 Boundary: Course with no attendance logs","invocations":1,"location":null,"numPassingAsserts":2,"retryReasons":[],"startAt":1784087529904,"status":"passed","title":"5.3 Boundary: Course with no attendance logs"},{"ancestorTitles":["Attendance Module Functional & Boundary Tests","Feature 5: Get Course Attendance (GET /api/attendance/course/:courseId)"],"duration":1,"failing":false,"failureDetails":[],"failureMessages":[],"fullName":"Attendance Module Functional & Boundary Tests Feature 5: Get Course Attendance (GET /api/attendance/course/:courseId) 5.4 Boundary: pagination limit = 0","invocations":1,"location":null,"numPassingAsserts":1,"retryReasons":[],"startAt":1784087529914,"status":"passed","title":"5.4 Boundary: pagination limit = 0"},{"ancestorTitles":["Attendance Module Functional & Boundary Tests","Feature 5: Get Course Attendance (GET /api/attendance/course/:courseId)"],"duration":0,"failing":false,"failureDetails":[],"failureMessages":[],"fullName":"Attendance Module Functional & Boundary Tests Feature 5: Get Course Attendance (GET /api/attendance/course/:courseId) 5.5 Boundary: pagination limit = negative (-1)","invocations":1,"location":null,"numPassingAsserts":1,"retryReasons":[],"startAt":1784087529915,"status":"passed","title":"5.5 Boundary: pagination limit = negative (-1)"},{"ancestorTitles":["Attendance Module Functional & Boundary Tests","Feature 5: Get Course Attendance (GET /api/attendance/course/:courseId)"],"duration":0,"failing":false,"failureDetails":[],"failureMessages":[],"fullName":"Attendance Module Functional & Boundary Tests Feature 5: Get Course Attendance (GET /api/attendance/course/:courseId) 5.6 Boundary: pagination offset = negative (-1)","invocations":1,"location":null,"numPassingAsserts":1,"retryReasons":[],"startAt":1784087529915,"status":"passed","title":"5.6 Boundary: pagination offset = negative (-1)"},{"ancestorTitles":["Attendance Module Functional & Boundary Tests","Feature 5: Get Course Attendance (GET /api/attendance/course/:courseId)"],"duration":0,"failing":false,"failureDetails":[],"failureMessages":[],"fullName":"Attendance Module Functional & Boundary Tests Feature 5: Get Course Attendance (GET /api/attendance/course/:courseId) 5.7 Boundary: limit as non-integer string","invocations":1,"location":null,"numPassingAsserts":1,"retryReasons":[],"startAt":1784087529916,"status":"passed","title":"5.7 Boundary: limit as non-integer string"},{"ancestorTitles":["Attendance Module Functional & Boundary Tests","Feature 5: Get Course Attendance (GET /api/attendance/course/:courseId)"],"duration":0,"failing":false,"failureDetails":[],"failureMessages":[],"fullName":"Attendance Module Functional & Boundary Tests Feature 5: Get Course Attendance (GET /api/attendance/course/:courseId) 5.8 Boundary: offset as non-integer string","invocations":1,"location":null,"numPassingAsserts":1,"retryReasons":[],"startAt":1784087529916,"status":"passed","title":"5.8 Boundary: offset as non-integer string"},{"ancestorTitles":["Attendance Module Functional & Boundary Tests","Feature 5: Get Course Attendance (GET /api/attendance/course/:courseId)"],"duration":0,"failing":false,"failureDetails":[],"failureMessages":[],"fullName":"Attendance Module Functional & Boundary Tests Feature 5: Get Course Attendance (GET /api/attendance/course/:courseId) 5.9 Boundary: extremely high limit value (50000)","invocations":1,"location":null,"numPassingAsserts":1,"retryReasons":[],"startAt":1784087529916,"status":"passed","title":"5.9 Boundary: extremely high limit value (50000)"},{"ancestorTitles":["Attendance Module Functional & Boundary Tests","Feature 5: Get Course Attendance (GET /api/attendance/course/:courseId)"],"duration":1,"failing":false,"failureDetails":[],"failureMessages":[],"fullName":"Attendance Module Functional & Boundary Tests Feature 5: Get Course Attendance (GET /api/attendance/course/:courseId) 5.10 Boundary: Float limit value (15.7)","invocations":1,"location":null,"numPassingAsserts":1,"retryReasons":[],"startAt":1784087529916,"status":"passed","title":"5.10 Boundary: Float limit value (15.7)"},{"ancestorTitles":["Attendance Module Functional & Boundary Tests","Feature 5: Get Course Attendance (GET /api/attendance/course/:courseId)"],"duration":0,"failing":false,"failureDetails":[],"failureMessages":[],"fullName":"Attendance Module Functional & Boundary Tests Feature 5: Get Course Attendance (GET /api/attendance/course/:courseId) 5.11 Boundary: Float offset value (8.3)","invocations":1,"location":null,"numPassingAsserts":1,"retryReasons":[],"startAt":1784087529917,"status":"passed","title":"5.11 Boundary: Float offset value (8.3)"},{"ancestorTitles":["Attendance Module Functional & Boundary Tests","Feature 5: Get Course Attendance (GET /api/attendance/course/:courseId)"],"duration":0,"failing":false,"failureDetails":[],"failureMessages":[],"fullName":"Attendance Module Functional & Boundary Tests Feature 5: Get Course Attendance (GET /api/attendance/course/:courseId) 5.12 Boundary: Date filtering with startDate only","invocations":1,"location":null,"numPassingAsserts":1,"retryReasons":[],"startAt":1784087529917,"status":"passed","title":"5.12 Boundary: Date filtering with startDate only"},{"ancestorTitles":["Attendance Module Functional & Boundary Tests","Feature 5: Get Course Attendance (GET /api/attendance/course/:courseId)"],"duration":0,"failing":false,"failureDetails":[],"failureMessages":[],"fullName":"Attendance Module Functional & Boundary Tests Feature 5: Get Course Attendance (GET /api/attendance/course/:courseId) 5.13 Boundary: Date filtering with endDate only","invocations":1,"location":null,"numPassingAsserts":1,"retryReasons":[],"startAt":1784087529917,"status":"passed","title":"5.13 Boundary: Date filtering with endDate only"},{"ancestorTitles":["Attendance Module Functional & Boundary Tests","Feature 5: Get Course Attendance (GET /api/attendance/course/:courseId)"],"duration":13,"failing":false,"failureDetails":[],"failureMessages":[],"fullName":"Attendance Module Functional & Boundary Tests Feature 5: Get Course Attendance (GET /api/attendance/course/:courseId) 5.14 SQL Injection payload in pagination limit parameter","invocations":1,"location":null,"numPassingAsserts":1,"retryReasons":[],"startAt":1784087529917,"status":"passed","title":"5.14 SQL Injection payload in pagination limit parameter"},{"ancestorTitles":["Attendance Module Functional & Boundary Tests","Feature 5: Get Course Attendance (GET /api/attendance/course/:courseId)"],"duration":13,"failing":false,"failureDetails":[],"failureMessages":[],"fullName":"Attendance Module Functional & Boundary Tests Feature 5: Get Course Attendance (GET /api/attendance/course/:courseId) 5.15 SQL Injection payload in pagination offset parameter","invocations":1,"location":null,"numPassingAsserts":1,"retryReasons":[],"startAt":1784087529930,"status":"passed","title":"5.15 SQL Injection payload in pagination offset parameter"},{"ancestorTitles":["Attendance Module Functional & Boundary Tests","Feature 5: Get Course Attendance (GET /api/attendance/course/:courseId)"],"duration":13,"failing":false,"failureDetails":[],"failureMessages":[],"fullName":"Attendance Module Functional & Boundary Tests Feature 5: Get Course Attendance (GET /api/attendance/course/:courseId) 5.16 Empty string date parameters check in course route","invocations":1,"location":null,"numPassingAsserts":1,"retryReasons":[],"startAt":1784087529943,"status":"passed","title":"5.16 Empty string date parameters check in course route"},{"ancestorTitles":["Attendance Module Functional & Boundary Tests","Feature 5: Get Course Attendance (GET /api/attendance/course/:courseId)"],"duration":13,"failing":false,"failureDetails":[],"failureMessages":[],"fullName":"Attendance Module Functional & Boundary Tests Feature 5: Get Course Attendance (GET /api/attendance/course/:courseId) 5.17 Fields validation of course records","invocations":1,"location":null,"numPassingAsserts":2,"retryReasons":[],"startAt":1784087529957,"status":"passed","title":"5.17 Fields validation of course records"},{"ancestorTitles":["Attendance Module Functional & Boundary Tests","Feature 5: Get Course Attendance (GET /api/attendance/course/:courseId)"],"duration":13,"failing":false,"failureDetails":[],"failureMessages":[],"fullName":"Attendance Module Functional & Boundary Tests Feature 5: Get Course Attendance (GET /api/attendance/course/:courseId) 5.18 SQL Injection payload in courseId route parameter","invocations":1,"location":null,"numPassingAsserts":1,"retryReasons":[],"startAt":1784087529970,"status":"passed","title":"5.18 SQL Injection payload in courseId route parameter"},{"ancestorTitles":["Attendance Module Functional & Boundary Tests","Feature 5: Get Course Attendance (GET /api/attendance/course/:courseId)"],"duration":5,"failing":false,"failureDetails":[],"failureMessages":[],"fullName":"Attendance Module Functional & Boundary Tests Feature 5: Get Course Attendance (GET /api/attendance/course/:courseId) 5.19 Extremely long courseId query string (500 chars)","invocations":1,"location":null,"numPassingAsserts":1,"retryReasons":[],"startAt":1784087529983,"status":"passed","title":"5.19 Extremely long courseId query string (500 chars)"},{"ancestorTitles":["Attendance Module Functional & Boundary Tests","Feature 5: Get Course Attendance (GET /api/attendance/course/:courseId)"],"duration":13,"failing":false,"failureDetails":[],"failureMessages":[],"fullName":"Attendance Module Functional & Boundary Tests Feature 5: Get Course Attendance (GET /api/attendance/course/:courseId) 5.20 Database error propagation in course records fetch","invocations":1,"location":null,"numPassingAsserts":1,"retryReasons":[],"startAt":1784087529988,"status":"passed","title":"5.20 Database error propagation in course records fetch"},{"ancestorTitles":["Attendance Module Functional & Boundary Tests","Feature 5: Get Course Attendance (GET /api/attendance/course/:courseId)"],"duration":17,"failing":false,"failureDetails":[],"failureMessages":[],"fullName":"Attendance Module Functional & Boundary Tests Feature 5: Get Course Attendance (GET /api/attendance/course/:courseId) 5.21 Route boundary special characters in courseId","invocations":1,"location":null,"numPassingAsserts":1,"retryReasons":[],"startAt":1784087530001,"status":"passed","title":"5.21 Route boundary special characters in courseId"},{"ancestorTitles":["Attendance Module Functional & Boundary Tests","Feature 6: Get Batch Attendance (GET /api/attendance/batch/:batchId)"],"duration":13,"failing":false,"failureDetails":[],"failureMessages":[],"fullName":"Attendance Module Functional & Boundary Tests Feature 6: Get Batch Attendance (GET /api/attendance/batch/:batchId) 6.1 Should retrieve batch records successfully","invocations":1,"location":null,"numPassingAsserts":2,"retryReasons":[],"startAt":1784087530018,"status":"passed","title":"6.1 Should retrieve batch records successfully"},{"ancestorTitles":["Attendance Module Functional & Boundary Tests","Feature 6: Get Batch Attendance (GET /api/attendance/batch/:batchId)"],"duration":1,"failing":false,"failureDetails":[],"failureMessages":[],"fullName":"Attendance Module Functional & Boundary Tests Feature 6: Get Batch Attendance (GET /api/attendance/batch/:batchId) 6.2 Service validation: Throw error if batchId is missing","invocations":1,"location":null,"numPassingAsserts":1,"retryReasons":[],"startAt":1784087530037,"status":"passed","title":"6.2 Service validation: Throw error if batchId is missing"},{"ancestorTitles":["Attendance Module Functional & Boundary Tests","Feature 6: Get Batch Attendance (GET /api/attendance/batch/:batchId)"],"duration":11,"failing":false,"failureDetails":[],"failureMessages":[],"fullName":"Attendance Module Functional & Boundary Tests Feature 6: Get Batch Attendance (GET /api/attendance/batch/:batchId) 6.3 Boundary: Batch with no attendance logs","invocations":1,"location":null,"numPassingAsserts":2,"retryReasons":[],"startAt":1784087530038,"status":"passed","title":"6.3 Boundary: Batch with no attendance logs"},{"ancestorTitles":["Attendance Module Functional & Boundary Tests","Feature 6: Get Batch Attendance (GET /api/attendance/batch/:batchId)"],"duration":0,"failing":false,"failureDetails":[],"failureMessages":[],"fullName":"Attendance Module Functional & Boundary Tests Feature 6: Get Batch Attendance (GET /api/attendance/batch/:batchId) 6.4 Boundary: pagination limit = 0","invocations":1,"location":null,"numPassingAsserts":1,"retryReasons":[],"startAt":1784087530049,"status":"passed","title":"6.4 Boundary: pagination limit = 0"},{"ancestorTitles":["Attendance Module Functional & Boundary Tests","Feature 6: Get Batch Attendance (GET /api/attendance/batch/:batchId)"],"duration":1,"failing":false,"failureDetails":[],"failureMessages":[],"fullName":"Attendance Module Functional & Boundary Tests Feature 6: Get Batch Attendance (GET /api/attendance/batch/:batchId) 6.5 Boundary: pagination limit = negative (-1)","invocations":1,"location":null,"numPassingAsserts":1,"retryReasons":[],"startAt":1784087530049,"status":"passed","title":"6.5 Boundary: pagination limit = negative (-1)"},{"ancestorTitles":["Attendance Module Functional & Boundary Tests","Feature 6: Get Batch Attendance (GET /api/attendance/batch/:batchId)"],"duration":0,"failing":false,"failureDetails":[],"failureMessages":[],"fullName":"Attendance Module Functional & Boundary Tests Feature 6: Get Batch Attendance (GET /api/attendance/batch/:batchId) 6.6 Boundary: pagination offset = negative (-1)","invocations":1,"location":null,"numPassingAsserts":1,"retryReasons":[],"startAt":1784087530050,"status":"passed","title":"6.6 Boundary: pagination offset = negative (-1)"},{"ancestorTitles":["Attendance Module Functional & Boundary Tests","Feature 6: Get Batch Attendance (GET /api/attendance/batch/:batchId)"],"duration":0,"failing":false,"failureDetails":[],"failureMessages":[],"fullName":"Attendance Module Functional & Boundary Tests Feature 6: Get Batch Attendance (GET /api/attendance/batch/:batchId) 6.7 Boundary: limit as non-integer string","invocations":1,"location":null,"numPassingAsserts":1,"retryReasons":[],"startAt":1784087530050,"status":"passed","title":"6.7 Boundary: limit as non-integer string"},{"ancestorTitles":["Attendance Module Functional & Boundary Tests","Feature 6: Get Batch Attendance (GET /api/attendance/batch/:batchId)"],"duration":1,"failing":false,"failureDetails":[],"failureMessages":[],"fullName":"Attendance Module Functional & Boundary Tests Feature 6: Get Batch Attendance (GET /api/attendance/batch/:batchId) 6.8 Boundary: offset as non-integer string","invocations":1,"location":null,"numPassingAsserts":1,"retryReasons":[],"startAt":1784087530050,"status":"passed","title":"6.8 Boundary: offset as non-integer string"},{"ancestorTitles":["Attendance Module Functional & Boundary Tests","Feature 6: Get Batch Attendance (GET /api/attendance/batch/:batchId)"],"duration":0,"failing":false,"failureDetails":[],"failureMessages":[],"fullName":"Attendance Module Functional & Boundary Tests Feature 6: Get Batch Attendance (GET /api/attendance/batch/:batchId) 6.9 Boundary: extremely high limit value (50000)","invocations":1,"location":null,"numPassingAsserts":1,"retryReasons":[],"startAt":1784087530051,"status":"passed","title":"6.9 Boundary: extremely high limit value (50000)"},{"ancestorTitles":["Attendance Module Functional & Boundary Tests","Feature 6: Get Batch Attendance (GET /api/attendance/batch/:batchId)"],"duration":0,"failing":false,"failureDetails":[],"failureMessages":[],"fullName":"Attendance Module Functional & Boundary Tests Feature 6: Get Batch Attendance (GET /api/attendance/batch/:batchId) 6.10 Boundary: Float limit value (15.7)","invocations":1,"location":null,"numPassingAsserts":1,"retryReasons":[],"startAt":1784087530051,"status":"passed","title":"6.10 Boundary: Float limit value (15.7)"},{"ancestorTitles":["Attendance Module Functional & Boundary Tests","Feature 6: Get Batch Attendance (GET /api/attendance/batch/:batchId)"],"duration":1,"failing":false,"failureDetails":[],"failureMessages":[],"fullName":"Attendance Module Functional & Boundary Tests Feature 6: Get Batch Attendance (GET /api/attendance/batch/:batchId) 6.11 Boundary: Float offset value (8.3)","invocations":1,"location":null,"numPassingAsserts":1,"retryReasons":[],"startAt":1784087530051,"status":"passed","title":"6.11 Boundary: Float offset value (8.3)"},{"ancestorTitles":["Attendance Module Functional & Boundary Tests","Feature 6: Get Batch Attendance (GET /api/attendance/batch/:batchId)"],"duration":0,"failing":false,"failureDetails":[],"failureMessages":[],"fullName":"Attendance Module Functional & Boundary Tests Feature 6: Get Batch Attendance (GET /api/attendance/batch/:batchId) 6.12 Boundary: Date filtering with startDate only","invocations":1,"location":null,"numPassingAsserts":1,"retryReasons":[],"startAt":1784087530052,"status":"passed","title":"6.12 Boundary: Date filtering with startDate only"},{"ancestorTitles":["Attendance Module Functional & Boundary Tests","Feature 6: Get Batch Attendance (GET /api/attendance/batch/:batchId)"],"duration":0,"failing":false,"failureDetails":[],"failureMessages":[],"fullName":"Attendance Module Functional & Boundary Tests Feature 6: Get Batch Attendance (GET /api/attendance/batch/:batchId) 6.13 Boundary: Date filtering with endDate only","invocations":1,"location":null,"numPassingAsserts":1,"retryReasons":[],"startAt":1784087530052,"status":"passed","title":"6.13 Boundary: Date filtering with endDate only"},{"ancestorTitles":["Attendance Module Functional & Boundary Tests","Feature 6: Get Batch Attendance (GET /api/attendance/batch/:batchId)"],"duration":10,"failing":false,"failureDetails":[],"failureMessages":[],"fullName":"Attendance Module Functional & Boundary Tests Feature 6: Get Batch Attendance (GET /api/attendance/batch/:batchId) 6.14 SQL Injection payload in pagination limit parameter","invocations":1,"location":null,"numPassingAsserts":1,"retryReasons":[],"startAt":1784087530052,"status":"passed","title":"6.14 SQL Injection payload in pagination limit parameter"},{"ancestorTitles":["Attendance Module Functional & Boundary Tests","Feature 6: Get Batch Attendance (GET /api/attendance/batch/:batchId)"],"duration":12,"failing":false,"failureDetails":[],"failureMessages":[],"fullName":"Attendance Module Functional & Boundary Tests Feature 6: Get Batch Attendance (GET /api/attendance/batch/:batchId) 6.15 SQL Injection payload in pagination offset parameter","invocations":1,"location":null,"numPassingAsserts":1,"retryReasons":[],"startAt":1784087530062,"status":"passed","title":"6.15 SQL Injection payload in pagination offset parameter"},{"ancestorTitles":["Attendance Module Functional & Boundary Tests","Feature 6: Get Batch Attendance (GET /api/attendance/batch/:batchId)"],"duration":16,"failing":false,"failureDetails":[],"failureMessages":[],"fullName":"Attendance Module Functional & Boundary Tests Feature 6: Get Batch Attendance (GET /api/attendance/batch/:batchId) 6.16 Empty string date parameters check in batch route","invocations":1,"location":null,"numPassingAsserts":1,"retryReasons":[],"startAt":1784087530074,"status":"passed","title":"6.16 Empty string date parameters check in batch route"},{"ancestorTitles":["Attendance Module Functional & Boundary Tests","Feature 6: Get Batch Attendance (GET /api/attendance/batch/:batchId)"],"duration":12,"failing":false,"failureDetails":[],"failureMessages":[],"fullName":"Attendance Module Functional & Boundary Tests Feature 6: Get Batch Attendance (GET /api/attendance/batch/:batchId) 6.17 Fields validation of batch records","invocations":1,"location":null,"numPassingAsserts":2,"retryReasons":[],"startAt":1784087530090,"status":"passed","title":"6.17 Fields validation of batch records"},{"ancestorTitles":["Attendance Module Functional & Boundary Tests","Feature 6: Get Batch Attendance (GET /api/attendance/batch/:batchId)"],"duration":7,"failing":false,"failureDetails":[],"failureMessages":[],"fullName":"Attendance Module Functional & Boundary Tests Feature 6: Get Batch Attendance (GET /api/attendance/batch/:batchId) 6.18 SQL Injection payload in batchId route parameter","invocations":1,"location":null,"numPassingAsserts":1,"retryReasons":[],"startAt":1784087530102,"status":"passed","title":"6.18 SQL Injection payload in batchId route parameter"},{"ancestorTitles":["Attendance Module Functional & Boundary Tests","Feature 6: Get Batch Attendance (GET /api/attendance/batch/:batchId)"],"duration":11,"failing":false,"failureDetails":[],"failureMessages":[],"fullName":"Attendance Module Functional & Boundary Tests Feature 6: Get Batch Attendance (GET /api/attendance/batch/:batchId) 6.19 Extremely long batchId query string (500 chars)","invocations":1,"location":null,"numPassingAsserts":1,"retryReasons":[],"startAt":1784087530109,"status":"passed","title":"6.19 Extremely long batchId query string (500 chars)"},{"ancestorTitles":["Attendance Module Functional & Boundary Tests","Feature 6: Get Batch Attendance (GET /api/attendance/batch/:batchId)"],"duration":13,"failing":false,"failureDetails":[],"failureMessages":[],"fullName":"Attendance Module Functional & Boundary Tests Feature 6: Get Batch Attendance (GET /api/attendance/batch/:batchId) 6.20 Database error propagation in batch records fetch","invocations":1,"location":null,"numPassingAsserts":1,"retryReasons":[],"startAt":1784087530120,"status":"passed","title":"6.20 Database error propagation in batch records fetch"},{"ancestorTitles":["Attendance Module Functional & Boundary Tests","Feature 6: Get Batch Attendance (GET /api/attendance/batch/:batchId)"],"duration":11,"failing":false,"failureDetails":[],"failureMessages":[],"fullName":"Attendance Module Functional & Boundary Tests Feature 6: Get Batch Attendance (GET /api/attendance/batch/:batchId) 6.21 Route boundary special characters in batchId","invocations":1,"location":null,"numPassingAsserts":1,"retryReasons":[],"startAt":1784087530133,"status":"passed","title":"6.21 Route boundary special characters in batchId"},{"ancestorTitles":["Attendance Module Functional & Boundary Tests","Feature 7: Get Attendance Percentage (GET /api/attendance/percentage)"],"duration":6,"failing":false,"failureDetails":[],"failureMessages":[],"fullName":"Attendance Module Functional & Boundary Tests Feature 7: Get Attendance Percentage (GET /api/attendance/percentage) 7.1 Should retrieve percentage for student successfully","invocations":1,"location":null,"numPassingAsserts":2,"retryRea
[...]
 & Benchmarking Tests Feature 6: Get Batch Attendance Performance Tests 6.5 Concurrency: 100 simultaneous requests check","invocations":1,"location":null,"numPassingAsserts":1,"retryReasons":[],"startAt":1784087535833,"status":"passed","title":"6.5 Concurrency: 100 simultaneous requests check"},{"ancestorTitles":["Attendance Module API Performance & Benchmarking Tests","Feature 6: Get Batch Attendance Performance Tests"],"duration":7,"failing":false,"failureDetails":[],"failureMessages":[],"fullName":"Attendance Module API Performance & Benchmarking Tests Feature 6: Get Batch Attendance Performance Tests 6.6 Latency: single request","invocations":1,"location":null,"numPassingAsserts":1,"retryReasons":[],"startAt":1784087536011,"status":"passed","title":"6.6 Latency: single request"},{"ancestorTitles":["Attendance Module API Performance & Benchmarking Tests","Feature 6: Get Batch Attendance Performance Tests"],"duration":10,"failing":false,"failureDetails":[],"failureMessages":[],"fullName":"Attendance Module API Performance & Benchmarking Tests Feature 6: Get Batch Attendance Performance Tests 6.7 Latency: with 5ms simulated DB delay","invocations":1,"location":null,"numPassingAsserts":1,"retryReasons":[],"startAt":1784087536019,"status":"passed","title":"6.7 Latency: with 5ms simulated DB delay"},{"ancestorTitles":["Attendance Module API Performance & Benchmarking Tests","Feature 6: Get Batch Attendance Performance Tests"],"duration":16,"failing":false,"failureDetails":[],"failureMessages":[],"fullName":"Attendance Module API Performance & Benchmarking Tests Feature 6: Get Batch Attendance Performance Tests 6.8 Latency: with 10ms simulated DB delay","invocations":1,"location":null,"numPassingAsserts":1,"retryReasons":[],"startAt":1784087536029,"status":"passed","title":"6.8 Latency: with 10ms simulated DB delay"},{"ancestorTitles":["Attendance Module API Performance & Benchmarking Tests","Feature 6: Get Batch Attendance Performance Tests"],"duration":31,"failing":false,"failureDetails":[],"failureMessages":[],"fullName":"Attendance Module API Performance & Benchmarking Tests Feature 6: Get Batch Attendance Performance Tests 6.9 Latency: with 20ms simulated DB delay","invocations":1,"location":null,"numPassingAsserts":1,"retryReasons":[],"startAt":1784087536045,"status":"passed","title":"6.9 Latency: with 20ms simulated DB delay"},{"ancestorTitles":["Attendance Module API Performance & Benchmarking Tests","Feature 6: Get Batch Attendance Performance Tests"],"duration":62,"failing":false,"failureDetails":[],"failureMessages":[],"fullName":"Attendance Module API Performance & Benchmarking Tests Feature 6: Get Batch Attendance Performance Tests 6.10 Latency: with 50ms simulated DB delay","invocations":1,"location":null,"numPassingAsserts":1,"retryReasons":[],"startAt":1784087536077,"status":"passed","title":"6.10 Latency: with 50ms simulated DB delay"},{"ancestorTitles":["Attendance Module API Performance & Benchmarking Tests","Feature 6: Get Batch Attendance Performance Tests"],"duration":39,"failing":false,"failureDetails":[],"failureMessages":[],"fullName":"Attendance Module API Performance & Benchmarking Tests Feature 6: Get Batch Attendance Performance Tests 6.11 Stress: 10 sequential batch requests","invocations":1,"location":null,"numPassingAsserts":1,"retryReasons":[],"startAt":1784087536139,"status":"passed","title":"6.11 Stress: 10 sequential batch requests"},{"ancestorTitles":["Attendance Module API Performance & Benchmarking Tests","Feature 6: Get Batch Attendance Performance Tests"],"duration":70,"failing":false,"failureDetails":[],"failureMessages":[],"fullName":"Attendance Module API Performance & Benchmarking Tests Feature 6: Get Batch Attendance Performance Tests 6.12 Stress: 25 sequential batch requests","invocations":1,"location":null,"numPassingAsserts":1,"retryReasons":[],"startAt":1784087536178,"status":"passed","title":"6.12 Stress: 25 sequential batch requests"},{"ancestorTitles":["Attendance Module API Performance & Benchmarking Tests","Feature 6: Get Batch Attendance Performance Tests"],"duration":96,"failing":false,"failureDetails":[],"failureMessages":[],"fullName":"Attendance Module API Performance & Benchmarking Tests Feature 6: Get Batch Attendance Performance Tests 6.13 Stress: 50 sequential batch requests","invocations":1,"location":null,"numPassingAsserts":1,"retryReasons":[],"startAt":1784087536248,"status":"passed","title":"6.13 Stress: 50 sequential batch requests"},{"ancestorTitles":["Attendance Module API Performance & Benchmarking Tests","Feature 6: Get Batch Attendance Performance Tests"],"duration":218,"failing":false,"failureDetails":[],"failureMessages":[],"fullName":"Attendance Module API Performance & Benchmarking Tests Feature 6: Get Batch Attendance Performance Tests 6.14 Stress: 100 sequential batch requests","invocations":1,"location":null,"numPassingAsserts":1,"retryReasons":[],"startAt":1784087536344,"status":"passed","title":"6.14 Stress: 100 sequential batch requests"},{"ancestorTitles":["Attendance Module API Performance & Benchmarking Tests","Feature 6: Get Batch Attendance Performance Tests"],"duration":42,"failing":false,"failureDetails":[],"failureMessages":[],"fullName":"Attendance Module API Performance & Benchmarking Tests Feature 6: Get Batch Attendance Performance Tests 6.15 Stress average batch record latency check","invocations":1,"location":null,"numPassingAsserts":1,"retryReasons":[],"startAt":1784087536562,"status":"passed","title":"6.15 Stress average batch record latency check"},{"ancestorTitles":["Attendance Module API Performance & Benchmarking Tests","Feature 6: Get Batch Attendance Performance Tests"],"duration":2,"failing":false,"failureDetails":[],"failureMessages":[],"fullName":"Attendance Module API Performance & Benchmarking Tests Feature 6: Get Batch Attendance Performance Tests 6.16 Scale: batchId size = 1KB benchmarking","invocations":1,"location":null,"numPassingAsserts":1,"retryReasons":[],"startAt":1784087536604,"status":"passed","title":"6.16 Scale: batchId size = 1KB benchmarking"},{"ancestorTitles":["Attendance Module API Performance & Benchmarking Tests","Feature 6: Get Batch Attendance Performance Tests"],"duration":4,"failing":false,"failureDetails":[],"failureMessages":[],"fullName":"Attendance Module API Performance & Benchmarking Tests Feature 6: Get Batch Attendance Performance Tests 6.17 Scale: pagination limit = 1000 record simulation","invocations":1,"location":null,"numPassingAsserts":1,"retryReasons":[],"startAt":1784087536606,"status":"passed","title":"6.17 Scale: pagination limit = 1000 record simulation"},{"ancestorTitles":["Attendance Module API Performance & Benchmarking Tests","Feature 6: Get Batch Attendance Performance Tests"],"duration":3,"failing":false,"failureDetails":[],"failureMessages":[],"fullName":"Attendance Module API Performance & Benchmarking Tests Feature 6: Get Batch Attendance Performance Tests 6.18 Scale: pagination offset = 500 offset simulation","invocations":1,"location":null,"numPassingAsserts":1,"retryReasons":[],"startAt":1784087536610,"status":"passed","title":"6.18 Scale: pagination offset = 500 offset simulation"},{"ancestorTitles":["Attendance Module API Performance & Benchmarking Tests","Feature 6: Get Batch Attendance Performance Tests"],"duration":118,"failing":false,"failureDetails":[],"failureMessages":[],"fullName":"Attendance Module API Performance & Benchmarking Tests Feature 6: Get Batch Attendance Performance Tests 6.19 Memory usage consistency checks over batch records query","invocations":1,"location":null,"numPassingAsserts":1,"retryReasons":[],"startAt":1784087536613,"status":"passed","title":"6.19 Memory usage consistency checks over batch records query"},{"ancestorTitles":["Attendance Module API Performance & Benchmarking Tests","Feature 6: Get Batch Attendance Performance Tests"],"duration":1,"failing":false,"failureDetails":[],"failureMessages":[],"fullName":"Attendance Module API Performance & Benchmarking Tests Feature 6: Get Batch Attendance Performance Tests 6.20 Fast validation failure check with missing batchId (service)","invocations":1,"location":null,"numPassingAsserts":2,"retryReasons":[],"startAt":1784087536731,"status":"passed","title":"6.20 Fast validation failure check with missing batchId (service)"},{"ancestorTitles":["Attendance Module API Performance & Benchmarking Tests","Feature 7: Get Attendance Percentage Performance Tests"],"duration":9,"failing":false,"failureDetails":[],"failureMessages":[],"fullName":"Attendance Module API Performance & Benchmarking Tests Feature 7: Get Attendance Percentage Performance Tests 7.1 Concurrency: 5 simultaneous requests check","invocations":1,"location":null,"numPassingAsserts":1,"retryReasons":[],"startAt":1784087536732,"status":"passed","title":"7.1 Concurrency: 5 simultaneous requests check"},{"ancestorTitles":["Attendance Module API Performance & Benchmarking Tests","Feature 7: Get Attendance Percentage Performance Tests"],"duration":16,"failing":false,"failureDetails":[],"failureMessages":[],"fullName":"Attendance Module API Performance & Benchmarking Tests Feature 7: Get Attendance Percentage Performance Tests 7.2 Concurrency: 10 simultaneous requests check","invocations":1,"location":null,"numPassingAsserts":1,"retryReasons":[],"startAt":1784087536741,"status":"passed","title":"7.2 Concurrency: 10 simultaneous requests check"},{"ancestorTitles":["Attendance Module API Performance & Benchmarking Tests","Feature 7: Get Attendance Percentage Performance Tests"],"duration":32,"failing":false,"failureDetails":[],"failureMessages":[],"fullName":"Attendance Module API Performance & Benchmarking Tests Feature 7: Get Attendance Percentage Performance Tests 7.3 Concurrency: 20 simultaneous requests check","invocations":1,"location":null,"numPassingAsserts":1,"retryReasons":[],"startAt":1784087536757,"status":"passed","title":"7.3 Concurrency: 20 simultaneous requests check"},{"ancestorTitles":["Attendance Module API Performance & Benchmarking Tests","Feature 7: Get Attendance Percentage Performance Tests"],"duration":80,"failing":false,"failureDetails":[],"failureMessages":[],"fullName":"Attendance Module API Performance & Benchmarking Tests Feature 7: Get Attendance Percentage Performance Tests 7.4 Concurrency: 50 simultaneous requests check","invocations":1,"location":null,"numPassingAsserts":1,"retryReasons":[],"startAt":1784087536789,"status":"passed","title":"7.4 Concurrency: 50 simultaneous requests check"},{"ancestorTitles":["Attendance Module API Performance & Benchmarking Tests","Feature 7: Get Attendance Percentage Performance Tests"],"duration":191,"failing":false,"failureDetails":[],"failureMessages":[],"fullName":"Attendance Module API Performance & Benchmarking Tests Feature 7: Get Attendance Percentage Performance Tests 7.5 Concurrency: 100 simultaneous requests check","invocations":1,"location":null,"numPassingAsserts":1,"retryReasons":[],"startAt":1784087536869,"status":"passed","title":"7.5 Concurrency: 100 simultaneous requests check"},{"ancestorTitles":["Attendance Module API Performance & Benchmarking Tests","Feature 7: Get Attendance Percentage Performance Tests"],"duration":11,"failing":false,"failureDetails":[],"failureMessages":[],"fullName":"Attendance Module API Performance & Benchmarking Tests Feature 7: Get Attendance Percentage Performance Tests 7.6 Latency: single request","invocations":1,"location":null,"numPassingAsserts":1,"retryReasons":[],"startAt":1784087537060,"status":"passed","title":"7.6 Latency: single request"},{"ancestorTitles":["Attendance Module API Performance & Benchmarking Tests","Feature 7: Get Attendance Percentage Performance Tests"],"duration":19,"failing":false,"failureDetails":[],"failureMessages":[],"fullName":"Attendance Module API Performance & Benchmarking Tests Feature 7: Get Attendance Percentage Performance Tests 7.7 Latency: with 5ms simulated DB delay","invocations":1,"location":null,"numPassingAsserts":1,"retryReasons":[],"startAt":1784087537071,"status":"passed","title":"7.7 Latency: with 5ms simulated DB delay"},{"ancestorTitles":["Attendance Module API Performance & Benchmarking Tests","Feature 7: Get Attendance Percentage Performance Tests"],"duration":16,"failing":false,"failureDetails":[],"failureMessages":[],"fullName":"Attendance Module API Performance & Benchmarking Tests Feature 7: Get Attendance Percentage Performance Tests 7.8 Latency: with 10ms simulated DB delay","invocations":1,"location":null,"numPassingAsserts":1,"retryReasons":[],"startAt":1784087537090,"status":"passed","title":"7.8 Latency: with 10ms simulated DB delay"},{"ancestorTitles":["Attendance Module API Performance & Benchmarking Tests","Feature 7: Get Attendance Percentage Performance Tests"],"duration":32,"failing":false,"failureDetails":[],"failureMessages":[],"fullName":"Attendance Module API Performance & Benchmarking Tests Feature 7: Get Attendance Percentage Performance Tests 7.9 Latency: with 20ms simulated DB delay","invocations":1,"location":null,"numPassingAsserts":1,"retryReasons":[],"startAt":1784087537106,"status":"passed","title":"7.9 Latency: with 20ms simulated DB delay"},{"ancestorTitles":["Attendance Module API Performance & Benchmarking Tests","Feature 7: Get Attendance Percentage Performance Tests"],"duration":56,"failing":false,"failureDetails":[],"failureMessages":[],"fullName":"Attendance Module API Performance & Benchmarking Tests Feature 7: Get Attendance Percentage Performance Tests 7.10 Latency: with 50ms simulated DB delay","invocations":1,"location":null,"numPassingAsserts":1,"retryReasons":[],"startAt":1784087537139,"status":"passed","title":"7.10 Latency: with 50ms simulated DB delay"},{"ancestorTitles":["Attendance Module API Performance & Benchmarking Tests","Feature 7: Get Attendance Percentage Performance Tests"],"duration":43,"failing":false,"failureDetails":[],"failureMessages":[],"fullName":"Attendance Module API Performance & Benchmarking Tests Feature 7: Get Attendance Percentage Performance Tests 7.11 Stress: 10 sequential percentage requests","invocations":1,"location":null,"numPassingAsserts":1,"retryReasons":[],"startAt":1784087537195,"status":"passed","title":"7.11 Stress: 10 sequential percentage requests"},{"ancestorTitles":["Attendance Module API Performance & Benchmarking Tests","Feature 7: Get Attendance Percentage Performance Tests"],"duration":61,"failing":false,"failureDetails":[],"failureMessages":[],"fullName":"Attendance Module API Performance & Benchmarking Tests Feature 7: Get Attendance Percentage Performance Tests 7.12 Stress: 25 sequential percentage requests","invocations":1,"location":null,"numPassingAsserts":1,"retryReasons":[],"startAt":1784087537238,"status":"passed","title":"7.12 Stress: 25 sequential percentage requests"},{"ancestorTitles":["Attendance Module API Performance & Benchmarking Tests","Feature 7: Get Attendance Percentage Performance Tests"],"duration":114,"failing":false,"failureDetails":[],"failureMessages":[],"fullName":"Attendance Module API Performance & Benchmarking Tests Feature 7: Get Attendance Percentage Performance Tests 7.13 Stress: 50 sequential percentage requests","invocations":1,"location":null,"numPassingAsserts":1,"retryReasons":[],"startAt":1784087537299,"status":"passed","title":"7.13 Stress: 50 sequential percentage requests"},{"ancestorTitles":["Attendance Module API Performance & Benchmarking Tests","Feature 7: Get Attendance Percentage Performance Tests"],"duration":226,"failing":false,"failureDetails":[],"failureMessages":[],"fullName":"Attendance Module API Performance & Benchmarking Tests Feature 7: Get Attendance Percentage Performance Tests 7.14 Stress: 100 sequential percentage requests","invocations":1,"location":null,"numPassingAsserts":1,"retryReasons":[],"startAt":1784087537413,"status":"passed","title":"7.14 Stress: 100 sequential percentage requests"},{"ancestorTitles":["Attendance Module API Performance & Benchmarking Tests","Feature 7: Get Attendance Percentage Performance Tests"],"duration":55,"failing":false,"failureDetails":[],"failureMessages":[],"fullName":"Attendance Module API Performance & Benchmarking Tests Feature 7: Get Attendance Percentage Performance Tests 7.15 Stress average percentage latency check","invocations":1,"location":null,"numPassingAsserts":1,"retryReasons":[],"startAt":1784087537639,"status":"passed","title":"7.15 Stress average percentage latency check"},{"ancestorTitles":["Attendance Module API Performance & Benchmarking Tests","Feature 7: Get Attendance Percentage Performance Tests"],"duration":4,"failing":false,"failureDetails":[],"failureMessages":[],"fullName":"Attendance Module API Performance & Benchmarking Tests Feature 7: Get Attendance Percentage Performance Tests 7.16 Scale: studentId size = 1KB benchmarking","invocations":1,"location":null,"numPassingAsserts":1,"retryReasons":[],"startAt":1784087537694,"status":"passed","title":"7.16 Scale: studentId size = 1KB benchmarking"},{"ancestorTitles":["Attendance Module API Performance & Benchmarking Tests","Feature 7: Get Attendance Percentage Performance Tests"],"duration":6,"failing":false,"failureDetails":[],"failureMessages":[],"fullName":"Attendance Module API Performance & Benchmarking Tests Feature 7: Get Attendance Percentage Performance Tests 7.17 Scale: courseId size = 1KB benchmarking","invocations":1,"location":null,"numPassingAsserts":1,"retryReasons":[],"startAt":1784087537699,"status":"passed","title":"7.17 Scale: courseId size = 1KB benchmarking"},{"ancestorTitles":["Attendance Module API Performance & Benchmarking Tests","Feature 7: Get Attendance Percentage Performance Tests"],"duration":5,"failing":false,"failureDetails":[],"failureMessages":[],"fullName":"Attendance Module API Performance & Benchmarking Tests Feature 7: Get Attendance Percentage Performance Tests 7.18 Scale: batchId size = 1KB benchmarking","invocations":1,"location":null,"numPassingAsserts":1,"retryReasons":[],"startAt":1784087537705,"status":"passed","title":"7.18 Scale: batchId size = 1KB benchmarking"},{"ancestorTitles":["Attendance Module API Performance & Benchmarking Tests","Feature 7: Get Attendance Percentage Performance Tests"],"duration":3,"failing":false,"failureDetails":[],"failureMessages":[],"fullName":"Attendance Module API Performance & Benchmarking Tests Feature 7: Get Attendance Percentage Performance Tests 7.19 Scale: universityId size = 1KB benchmarking","invocations":1,"location":null,"numPassingAsserts":1,"retryReasons":[],"startAt":1784087537710,"status":"passed","title":"7.19 Scale: universityId size = 1KB benchmarking"},{"ancestorTitles":["Attendance Module API Performance & Benchmarking Tests","Feature 7: Get Attendance Percentage Performance Tests"],"duration":100,"failing":false,"failureDetails":[],"failureMessages":[],"fullName":"Attendance Module API Performance & Benchmarking Tests Feature 7: Get Attendance Percentage Performance Tests 7.20 Memory usage check over 50 percentage requests","invocations":1,"location":null,"numPassingAsserts":1,"retryReasons":[],"startAt":1784087537713,"status":"passed","title":"7.20 Memory usage check over 50 percentage requests"},{"ancestorTitles":["Attendance Module API Performance & Benchmarking Tests","Feature 7: Get Attendance Percentage Performance Tests"],"duration":0,"failing":false,"failureDetails":[],"failureMessages":[],"fullName":"Attendance Module API Performance & Benchmarking Tests Feature 7: Get Attendance Percentage Performance Tests 7.21 Fast validation failure check with missing arguments","invocations":1,"location":null,"numPassingAsserts":2,"retryReasons":[],"startAt":1784087537814,"status":"passed","title":"7.21 Fast validation failure check with missing arguments"}],"endTime":1784087537818,"message":"","name":"D:\\xebia\\university-dashboard-backend\\src\\modules\\attendance\\__tests__\\attendance.performance.test.js","startTime":1784087527621,"status":"passed","summary":""}],"wasInterrupted":false}
